{"/var/www/rescatevial/backend/src/app.js": {"path":"/var/www/rescatevial/backend/src/app.js","statementMap":{"0":{"start":{"line":1,"column":16},"end":{"line":1,"column":34}},"1":{"start":{"line":2,"column":13},"end":{"line":2,"column":28}},"2":{"start":{"line":3,"column":15},"end":{"line":3,"column":32}},"3":{"start":{"line":4,"column":12},"end":{"line":4,"column":21}},"4":{"start":{"line":6,"column":0},"end":{"line":6,"column":26}},"5":{"start":{"line":7,"column":0},"end":{"line":10,"column":4}},"6":{"start":{"line":12,"column":0},"end":{"line":12,"column":24}},"7":{"start":{"line":13,"column":0},"end":{"line":13,"column":23}},"8":{"start":{"line":15,"column":0},"end":{"line":15,"column":47}},"9":{"start":{"line":16,"column":0},"end":{"line":18,"column":3}},"10":{"start":{"line":17,"column":2},"end":{"line":17,"column":47}},"11":{"start":{"line":20,"column":0},"end":{"line":20,"column":53}},"12":{"start":{"line":21,"column":0},"end":{"line":21,"column":53}},"13":{"start":{"line":22,"column":0},"end":{"line":22,"column":53}},"14":{"start":{"line":23,"column":0},"end":{"line":23,"column":57}},"15":{"start":{"line":24,"column":0},"end":{"line":24,"column":62}},"16":{"start":{"line":25,"column":0},"end":{"line":25,"column":57}},"17":{"start":{"line":28,"column":0},"end":{"line":30,"column":3}},"18":{"start":{"line":29,"column":2},"end":{"line":29,"column":56}},"19":{"start":{"line":32,"column":0},"end":{"line":35,"column":3}},"20":{"start":{"line":33,"column":2},"end":{"line":33,"column":21}},"21":{"start":{"line":34,"column":2},"end":{"line":34,"column":64}},"22":{"start":{"line":37,"column":0},"end":{"line":37,"column":21}}},"fnMap":{"0":{"name":"(anonymous_0)","decl":{"start":{"line":16,"column":13},"end":{"line":16,"column":14}},"loc":{"start":{"line":16,"column":27},"end":{"line":18,"column":1}},"line":16},"1":{"name":"(anonymous_1)","decl":{"start":{"line":28,"column":8},"end":{"line":28,"column":9}},"loc":{"start":{"line":28,"column":22},"end":{"line":30,"column":1}},"line":28},"2":{"name":"(anonymous_2)","decl":{"start":{"line":32,"column":8},"end":{"line":32,"column":9}},"loc":{"start":{"line":32,"column":33},"end":{"line":35,"column":1}},"line":32}},"branchMap":{},"s":{"0":2,"1":2,"2":2,"3":2,"4":2,"5":2,"6":2,"7":2,"8":2,"9":2,"10":0,"11":2,"12":2,"13":2,"14":2,"15":2,"16":2,"17":2,"18":0,"19":2,"20":0,"21":0,"22":2},"f":{"0":0,"1":0,"2":0},"b":{},"_coverageSchema":"1a1c01bbd47fc00a2c39e90264f33305004495a9","hash":"b0707fa63bfa62d31b0aa12e15955ca1b172a1be"}
,"/var/www/rescatevial/backend/src/config/db.js": {"path":"/var/www/rescatevial/backend/src/config/db.js","statementMap":{"0":{"start":{"line":1,"column":14},"end":{"line":1,"column":39}},"1":{"start":{"line":3,"column":13},"end":{"line":12,"column":2}},"2":{"start":{"line":16,"column":4},"end":{"line":22,"column":5}},"3":{"start":{"line":17,"column":27},"end":{"line":17,"column":53}},"4":{"start":{"line":18,"column":8},"end":{"line":18,"column":43}},"5":{"start":{"line":19,"column":8},"end":{"line":19,"column":29}},"6":{"start":{"line":21,"column":8},"end":{"line":21,"column":68}},"7":{"start":{"line":25,"column":0},"end":{"line":25,"column":17}},"8":{"start":{"line":27,"column":0},"end":{"line":27,"column":22}}},"fnMap":{"0":{"name":"testConnection","decl":{"start":{"line":15,"column":15},"end":{"line":15,"column":29}},"loc":{"start":{"line":15,"column":32},"end":{"line":23,"column":1}},"line":15}},"branchMap":{},"s":{"0":2,"1":2,"2":2,"3":2,"4":0,"5":0,"6":2,"7":2,"8":2},"f":{"0":2},"b":{},"_coverageSchema":"1a1c01bbd47fc00a2c39e90264f33305004495a9","hash":"e7a09ae93515528e628f070742131abbcd9106bf"}
,"/var/www/rescatevial/backend/src/config/mongo.js": {"path":"/var/www/rescatevial/backend/src/config/mongo.js","statementMap":{"0":{"start":{"line":1,"column":42},"end":{"line":1,"column":60}},"1":{"start":{"line":2,"column":0},"end":{"line":2,"column":27}},"2":{"start":{"line":4,"column":12},"end":{"line":4,"column":34}},"3":{"start":{"line":6,"column":15},"end":{"line":13,"column":2}},"4":{"start":{"line":16,"column":2},"end":{"line":22,"column":3}},"5":{"start":{"line":17,"column":4},"end":{"line":17,"column":27}},"6":{"start":{"line":18,"column":4},"end":{"line":18,"column":50}},"7":{"start":{"line":19,"column":4},"end":{"line":19,"column":47}},"8":{"start":{"line":21,"column":4},"end":{"line":21,"column":56}},"9":{"start":{"line":26,"column":0},"end":{"line":26,"column":15}},"10":{"start":{"line":29,"column":0},"end":{"line":29,"column":24}}},"fnMap":{"0":{"name":"connectMongo","decl":{"start":{"line":15,"column":15},"end":{"line":15,"column":27}},"loc":{"start":{"line":15,"column":30},"end":{"line":23,"column":1}},"line":15}},"branchMap":{},"s":{"0":3,"1":3,"2":3,"3":3,"4":3,"5":3,"6":0,"7":0,"8":0,"9":3,"10":3},"f":{"0":3},"b":{},"_coverageSchema":"1a1c01bbd47fc00a2c39e90264f33305004495a9","hash":"41a9826d32f4b86fa854e57b9306891e54837c2c"}
,"/var/www/rescatevial/backend/src/config/keys/keys.js": {"path":"/var/www/rescatevial/backend/src/config/keys/keys.js","statementMap":{"0":{"start":{"line":1,"column":11},"end":{"line":1,"column":24}},"1":{"start":{"line":2,"column":13},"end":{"line":2,"column":28}},"2":{"start":{"line":5,"column":21},"end":{"line":5,"column":94}},"3":{"start":{"line":6,"column":20},"end":{"line":6,"column":92}},"4":{"start":{"line":9,"column":22},"end":{"line":9,"column":93}},"5":{"start":{"line":10,"column":21},"end":{"line":10,"column":91}},"6":{"start":{"line":13,"column":0},"end":{"line":18,"column":2}}},"fnMap":{},"branchMap":{},"s":{"0":3,"1":3,"2":3,"3":3,"4":3,"5":3,"6":3},"f":{},"b":{},"_coverageSchema":"1a1c01bbd47fc00a2c39e90264f33305004495a9","hash":"d5b7c0321fdbad0eb490b7f867c979b4a54485c6"}
,"/var/www/rescatevial/backend/src/controllers/UserController.js": {"path":"/var/www/rescatevial/backend/src/controllers/UserController.js","statementMap":{"0":{"start":{"line":1,"column":20},"end":{"line":1,"column":54}},"1":{"start":{"line":2,"column":11},"end":{"line":2,"column":34}},"2":{"start":{"line":3,"column":23},"end":{"line":3,"column":67}},"3":{"start":{"line":5,"column":15},"end":{"line":35,"column":1}},"4":{"start":{"line":6,"column":2},"end":{"line":34,"column":3}},"5":{"start":{"line":15,"column":8},"end":{"line":15,"column":16}},"6":{"start":{"line":17,"column":4},"end":{"line":19,"column":5}},"7":{"start":{"line":18,"column":6},"end":{"line":18,"column":77}},"8":{"start":{"line":21,"column":19},"end":{"line":29,"column":6}},"9":{"start":{"line":31,"column":4},"end":{"line":31,"column":73}},"10":{"start":{"line":33,"column":4},"end":{"line":33,"column":92}},"11":{"start":{"line":37,"column":20},"end":{"line":50,"column":1}},"12":{"start":{"line":38,"column":2},"end":{"line":49,"column":3}},"13":{"start":{"line":39,"column":24},"end":{"line":39,"column":32}},"14":{"start":{"line":41,"column":4},"end":{"line":43,"column":5}},"15":{"start":{"line":42,"column":6},"end":{"line":42,"column":73}},"16":{"start":{"line":45,"column":17},"end":{"line":45,"column":55}},"17":{"start":{"line":46,"column":4},"end":{"line":46,"column":31}},"18":{"start":{"line":48,"column":4},"end":{"line":48,"column":90}},"19":{"start":{"line":52,"column":19},"end":{"line":70,"column":1}},"20":{"start":{"line":53,"column":2},"end":{"line":69,"column":3}},"21":{"start":{"line":54,"column":27},"end":{"line":54,"column":35}},"22":{"start":{"line":56,"column":4},"end":{"line":58,"column":5}},"23":{"start":{"line":57,"column":6},"end":{"line":57,"column":76}},"24":{"start":{"line":60,"column":16},"end":{"line":60,"column":56}},"25":{"start":{"line":62,"column":4},"end":{"line":64,"column":5}},"26":{"start":{"line":63,"column":6},"end":{"line":63,"column":73}},"27":{"start":{"line":66,"column":4},"end":{"line":66,"column":30}},"28":{"start":{"line":68,"column":4},"end":{"line":68,"column":92}},"29":{"start":{"line":72,"column":26},"end":{"line":92,"column":1}},"30":{"start":{"line":73,"column":2},"end":{"line":91,"column":3}},"31":{"start":{"line":74,"column":72},"end":{"line":74,"column":80}},"32":{"start":{"line":76,"column":4},"end":{"line":78,"column":5}},"33":{"start":{"line":77,"column":6},"end":{"line":77,"column":77}},"34":{"start":{"line":80,"column":19},"end":{"line":86,"column":6}},"35":{"start":{"line":88,"column":4},"end":{"line":88,"column":90}},"36":{"start":{"line":90,"column":4},"end":{"line":90,"column":88}},"37":{"start":{"line":94,"column":25},"end":{"line":107,"column":1}},"38":{"start":{"line":95,"column":2},"end":{"line":106,"column":3}},"39":{"start":{"line":96,"column":28},"end":{"line":96,"column":36}},"40":{"start":{"line":98,"column":4},"end":{"line":100,"column":5}},"41":{"start":{"line":99,"column":6},"end":{"line":99,"column":72}},"42":{"start":{"line":102,"column":4},"end":{"line":102,"column":52}},"43":{"start":{"line":103,"column":4},"end":{"line":103,"column":61}},"44":{"start":{"line":105,"column":4},"end":{"line":105,"column":81}},"45":{"start":{"line":109,"column":26},"end":{"line":126,"column":1}},"46":{"start":{"line":110,"column":2},"end":{"line":125,"column":3}},"47":{"start":{"line":111,"column":36},"end":{"line":111,"column":44}},"48":{"start":{"line":113,"column":4},"end":{"line":115,"column":5}},"49":{"start":{"line":114,"column":6},"end":{"line":114,"column":86}},"50":{"start":{"line":117,"column":4},"end":{"line":119,"column":5}},"51":{"start":{"line":118,"column":6},"end":{"line":118,"column":93}},"52":{"start":{"line":121,"column":4},"end":{"line":121,"column":61}},"53":{"start":{"line":122,"column":4},"end":{"line":122,"column":39}},"54":{"start":{"line":124,"column":4},"end":{"line":124,"column":82}},"55":{"start":{"line":128,"column":25},"end":{"line":146,"column":1}},"56":{"start":{"line":129,"column":2},"end":{"line":145,"column":3}},"57":{"start":{"line":130,"column":24},"end":{"line":130,"column":34}},"58":{"start":{"line":132,"column":4},"end":{"line":134,"column":5}},"59":{"start":{"line":133,"column":6},"end":{"line":133,"column":68}},"60":{"start":{"line":136,"column":17},"end":{"line":136,"column":60}},"61":{"start":{"line":138,"column":4},"end":{"line":140,"column":5}},"62":{"start":{"line":139,"column":6},"end":{"line":139,"column":71}},"63":{"start":{"line":142,"column":4},"end":{"line":142,"column":31}},"64":{"start":{"line":144,"column":4},"end":{"line":144,"column":87}},"65":{"start":{"line":156,"column":27},"end":{"line":179,"column":1}},"66":{"start":{"line":157,"column":2},"end":{"line":178,"column":3}},"67":{"start":{"line":158,"column":19},"end":{"line":172,"column":6}},"68":{"start":{"line":174,"column":4},"end":{"line":174,"column":46}},"69":{"start":{"line":176,"column":4},"end":{"line":176,"column":25}},"70":{"start":{"line":177,"column":4},"end":{"line":177,"column":79}},"71":{"start":{"line":182,"column":25},"end":{"line":222,"column":1}},"72":{"start":{"line":183,"column":2},"end":{"line":221,"column":3}},"73":{"start":{"line":184,"column":26},"end":{"line":187,"column":6}},"74":{"start":{"line":189,"column":26},"end":{"line":193,"column":6}},"75":{"start":{"line":195,"column":26},"end":{"line":199,"column":6}},"76":{"start":{"line":201,"column":24},"end":{"line":204,"column":6}},"77":{"start":{"line":206,"column":4},"end":{"line":214,"column":7}},"78":{"start":{"line":216,"column":4},"end":{"line":216,"column":25}},"79":{"start":{"line":217,"column":4},"end":{"line":220,"column":7}},"80":{"start":{"line":225,"column":21},"end":{"line":251,"column":1}},"81":{"start":{"line":226,"column":2},"end":{"line":250,"column":3}},"82":{"start":{"line":227,"column":19},"end":{"line":241,"column":6}},"83":{"start":{"line":243,"column":4},"end":{"line":243,"column":40}},"84":{"start":{"line":245,"column":4},"end":{"line":245,"column":25}},"85":{"start":{"line":246,"column":4},"end":{"line":249,"column":7}},"86":{"start":{"line":254,"column":24},"end":{"line":303,"column":1}},"87":{"start":{"line":255,"column":2},"end":{"line":302,"column":3}},"88":{"start":{"line":256,"column":26},"end":{"line":259,"column":6}},"89":{"start":{"line":261,"column":24},"end":{"line":265,"column":6}},"90":{"start":{"line":267,"column":24},"end":{"line":274,"column":6}},"91":{"start":{"line":276,"column":26},"end":{"line":285,"column":6}},"92":{"start":{"line":287,"column":4},"end":{"line":295,"column":7}},"93":{"start":{"line":297,"column":4},"end":{"line":297,"column":25}},"94":{"start":{"line":298,"column":4},"end":{"line":301,"column":7}},"95":{"start":{"line":306,"column":20},"end":{"line":315,"column":1}},"96":{"start":{"line":307,"column":2},"end":{"line":314,"column":3}},"97":{"start":{"line":308,"column":28},"end":{"line":308,"column":38}},"98":{"start":{"line":309,"column":19},"end":{"line":309,"column":67}},"99":{"start":{"line":310,"column":4},"end":{"line":310,"column":74}},"100":{"start":{"line":310,"column":17},"end":{"line":310,"column":74}},"101":{"start":{"line":311,"column":4},"end":{"line":311,"column":61}},"102":{"start":{"line":313,"column":4},"end":{"line":313,"column":53}},"103":{"start":{"line":317,"column":25},"end":{"line":326,"column":1}},"104":{"start":{"line":318,"column":2},"end":{"line":325,"column":3}},"105":{"start":{"line":319,"column":28},"end":{"line":319,"column":36}},"106":{"start":{"line":320,"column":4},"end":{"line":320,"column":88}},"107":{"start":{"line":320,"column":22},"end":{"line":320,"column":88}},"108":{"start":{"line":321,"column":4},"end":{"line":321,"column":71}},"109":{"start":{"line":322,"column":4},"end":{"line":322,"column":39}},"110":{"start":{"line":324,"column":4},"end":{"line":324,"column":53}},"111":{"start":{"line":328,"column":25},"end":{"line":337,"column":1}},"112":{"start":{"line":329,"column":2},"end":{"line":336,"column":3}},"113":{"start":{"line":330,"column":28},"end":{"line":330,"column":36}},"114":{"start":{"line":331,"column":4},"end":{"line":331,"column":88}},"115":{"start":{"line":331,"column":22},"end":{"line":331,"column":88}},"116":{"start":{"line":332,"column":4},"end":{"line":332,"column":63}},"117":{"start":{"line":333,"column":4},"end":{"line":333,"column":39}},"118":{"start":{"line":335,"column":4},"end":{"line":335,"column":53}},"119":{"start":{"line":339,"column":18},"end":{"line":348,"column":1}},"120":{"start":{"line":340,"column":2},"end":{"line":347,"column":3}},"121":{"start":{"line":341,"column":51},"end":{"line":341,"column":59}},"122":{"start":{"line":342,"column":4},"end":{"line":342,"column":93}},"123":{"start":{"line":342,"column":36},"end":{"line":342,"column":93}},"124":{"start":{"line":343,"column":4},"end":{"line":343,"column":96}},"125":{"start":{"line":344,"column":4},"end":{"line":344,"column":39}},"126":{"start":{"line":346,"column":4},"end":{"line":346,"column":53}},"127":{"start":{"line":352,"column":29},"end":{"line":375,"column":1}},"128":{"start":{"line":353,"column":2},"end":{"line":374,"column":3}},"129":{"start":{"line":354,"column":24},"end":{"line":354,"column":34}},"130":{"start":{"line":356,"column":4},"end":{"line":358,"column":5}},"131":{"start":{"line":357,"column":6},"end":{"line":357,"column":68}},"132":{"start":{"line":360,"column":17},"end":{"line":360,"column":64}},"133":{"start":{"line":362,"column":4},"end":{"line":366,"column":7}},"134":{"start":{"line":368,"column":4},"end":{"line":368,"column":61}},"135":{"start":{"line":369,"column":4},"end":{"line":373,"column":7}},"136":{"start":{"line":378,"column":37},"end":{"line":407,"column":1}},"137":{"start":{"line":379,"column":2},"end":{"line":406,"column":3}},"138":{"start":{"line":380,"column":53},"end":{"line":380,"column":61}},"139":{"start":{"line":382,"column":4},"end":{"line":387,"column":5}},"140":{"start":{"line":383,"column":6},"end":{"line":386,"column":9}},"141":{"start":{"line":389,"column":17},"end":{"line":393,"column":6}},"142":{"start":{"line":395,"column":4},"end":{"line":398,"column":7}},"143":{"start":{"line":400,"column":4},"end":{"line":400,"column":69}},"144":{"start":{"line":401,"column":4},"end":{"line":405,"column":7}},"145":{"start":{"line":411,"column":0},"end":{"line":429,"column":2}}},"fnMap":{"0":{"name":"(anonymous_0)","decl":{"start":{"line":5,"column":15},"end":{"line":5,"column":16}},"loc":{"start":{"line":5,"column":35},"end":{"line":35,"column":1}},"line":5},"1":{"name":"(anonymous_1)","decl":{"start":{"line":37,"column":20},"end":{"line":37,"column":21}},"loc":{"start":{"line":37,"column":40},"end":{"line":50,"column":1}},"line":37},"2":{"name":"(anonymous_2)","decl":{"start":{"line":52,"column":19},"end":{"line":52,"column":20}},"loc":{"start":{"line":52,"column":39},"end":{"line":70,"column":1}},"line":52},"3":{"name":"(anonymous_3)","decl":{"start":{"line":72,"column":26},"end":{"line":72,"column":27}},"loc":{"start":{"line":72,"column":46},"end":{"line":92,"column":1}},"line":72},"4":{"name":"(anonymous_4)","decl":{"start":{"line":94,"column":25},"end":{"line":94,"column":26}},"loc":{"start":{"line":94,"column":45},"end":{"line":107,"column":1}},"line":94},"5":{"name":"(anonymous_5)","decl":{"start":{"line":109,"column":26},"end":{"line":109,"column":27}},"loc":{"start":{"line":109,"column":46},"end":{"line":126,"column":1}},"line":109},"6":{"name":"(anonymous_6)","decl":{"start":{"line":128,"column":25},"end":{"line":128,"column":26}},"loc":{"start":{"line":128,"column":45},"end":{"line":146,"column":1}},"line":128},"7":{"name":"(anonymous_7)","decl":{"start":{"line":156,"column":27},"end":{"line":156,"column":28}},"loc":{"start":{"line":156,"column":47},"end":{"line":179,"column":1}},"line":156},"8":{"name":"(anonymous_8)","decl":{"start":{"line":182,"column":25},"end":{"line":182,"column":26}},"loc":{"start":{"line":182,"column":45},"end":{"line":222,"column":1}},"line":182},"9":{"name":"(anonymous_9)","decl":{"start":{"line":225,"column":21},"end":{"line":225,"column":22}},"loc":{"start":{"line":225,"column":41},"end":{"line":251,"column":1}},"line":225},"10":{"name":"(anonymous_10)","decl":{"start":{"line":254,"column":24},"end":{"line":254,"column":25}},"loc":{"start":{"line":254,"column":44},"end":{"line":303,"column":1}},"line":254},"11":{"name":"(anonymous_11)","decl":{"start":{"line":306,"column":20},"end":{"line":306,"column":21}},"loc":{"start":{"line":306,"column":40},"end":{"line":315,"column":1}},"line":306},"12":{"name":"(anonymous_12)","decl":{"start":{"line":317,"column":25},"end":{"line":317,"column":26}},"loc":{"start":{"line":317,"column":45},"end":{"line":326,"column":1}},"line":317},"13":{"name":"(anonymous_13)","decl":{"start":{"line":328,"column":25},"end":{"line":328,"column":26}},"loc":{"start":{"line":328,"column":45},"end":{"line":337,"column":1}},"line":328},"14":{"name":"(anonymous_14)","decl":{"start":{"line":339,"column":18},"end":{"line":339,"column":19}},"loc":{"start":{"line":339,"column":38},"end":{"line":348,"column":1}},"line":339},"15":{"name":"(anonymous_15)","decl":{"start":{"line":352,"column":29},"end":{"line":352,"column":30}},"loc":{"start":{"line":352,"column":49},"end":{"line":375,"column":1}},"line":352},"16":{"name":"(anonymous_16)","decl":{"start":{"line":378,"column":37},"end":{"line":378,"column":38}},"loc":{"start":{"line":378,"column":57},"end":{"line":407,"column":1}},"line":378}},"branchMap":{"0":{"loc":{"start":{"line":17,"column":4},"end":{"line":19,"column":5}},"type":"if","locations":[{"start":{"line":17,"column":4},"end":{"line":19,"column":5}},{"start":{},"end":{}}],"line":17},"1":{"loc":{"start":{"line":17,"column":8},"end":{"line":17,"column":106}},"type":"binary-expr","locations":[{"start":{"line":17,"column":8},"end":{"line":17,"column":16}},{"start":{"line":17,"column":20},"end":{"line":17,"column":33}},{"start":{"line":17,"column":37},"end":{"line":17,"column":51}},{"start":{"line":17,"column":55},"end":{"line":17,"column":69}},{"start":{"line":17,"column":73},"end":{"line":17,"column":86}},{"start":{"line":17,"column":90},"end":{"line":17,"column":106}}],"line":17},"2":{"loc":{"start":{"line":28,"column":22},"end":{"line":28,"column":44}},"type":"binary-expr","locations":[{"start":{"line":28,"column":22},"end":{"line":28,"column":36}},{"start":{"line":28,"column":40},"end":{"line":28,"column":44}}],"line":28},"3":{"loc":{"start":{"line":41,"column":4},"end":{"line":43,"column":5}},"type":"if","locations":[{"start":{"line":41,"column":4},"end":{"line":43,"column":5}},{"start":{},"end":{}}],"line":41},"4":{"loc":{"start":{"line":56,"column":4},"end":{"line":58,"column":5}},"type":"if","locations":[{"start":{"line":56,"column":4},"end":{"line":58,"column":5}},{"start":{},"end":{}}],"line":56},"5":{"loc":{"start":{"line":62,"column":4},"end":{"line":64,"column":5}},"type":"if","locations":[{"start":{"line":62,"column":4},"end":{"line":64,"column":5}},{"start":{},"end":{}}],"line":62},"6":{"loc":{"start":{"line":76,"column":4},"end":{"line":78,"column":5}},"type":"if","locations":[{"start":{"line":76,"column":4},"end":{"line":78,"column":5}},{"start":{},"end":{}}],"line":76},"7":{"loc":{"start":{"line":76,"column":8},"end":{"line":76,"column":69}},"type":"binary-expr","locations":[{"start":{"line":76,"column":8},"end":{"line":76,"column":16}},{"start":{"line":76,"column":20},"end":{"line":76,"column":31}},{"start":{"line":76,"column":35},"end":{"line":76,"column":50}},{"start":{"line":76,"column":54},"end":{"line":76,"column":69}}],"line":76},"8":{"loc":{"start":{"line":82,"column":18},"end":{"line":82,"column":36}},"type":"binary-expr","locations":[{"start":{"line":82,"column":18},"end":{"line":82,"column":28}},{"start":{"line":82,"column":32},"end":{"line":82,"column":36}}],"line":82},"9":{"loc":{"start":{"line":84,"column":19},"end":{"line":84,"column":36}},"type":"binary-expr","locations":[{"start":{"line":84,"column":19},"end":{"line":84,"column":30}},{"start":{"line":84,"column":34},"end":{"line":84,"column":36}}],"line":84},"10":{"loc":{"start":{"line":98,"column":4},"end":{"line":100,"column":5}},"type":"if","locations":[{"start":{"line":98,"column":4},"end":{"line":100,"column":5}},{"start":{},"end":{}}],"line":98},"11":{"loc":{"start":{"line":113,"column":4},"end":{"line":115,"column":5}},"type":"if","locations":[{"start":{"line":113,"column":4},"end":{"line":115,"column":5}},{"start":{},"end":{}}],"line":113},"12":{"loc":{"start":{"line":113,"column":8},"end":{"line":113,"column":31}},"type":"binary-expr","locations":[{"start":{"line":113,"column":8},"end":{"line":113,"column":20}},{"start":{"line":113,"column":24},"end":{"line":113,"column":31}}],"line":113},"13":{"loc":{"start":{"line":117,"column":4},"end":{"line":119,"column":5}},"type":"if","locations":[{"start":{"line":117,"column":4},"end":{"line":119,"column":5}},{"start":{},"end":{}}],"line":117},"14":{"loc":{"start":{"line":132,"column":4},"end":{"line":134,"column":5}},"type":"if","locations":[{"start":{"line":132,"column":4},"end":{"line":134,"column":5}},{"start":{},"end":{}}],"line":132},"15":{"loc":{"start":{"line":138,"column":4},"end":{"line":140,"column":5}},"type":"if","locations":[{"start":{"line":138,"column":4},"end":{"line":140,"column":5}},{"start":{},"end":{}}],"line":138},"16":{"loc":{"start":{"line":209,"column":26},"end":{"line":209,"column":62}},"type":"binary-expr","locations":[{"start":{"line":209,"column":26},"end":{"line":209,"column":57}},{"start":{"line":209,"column":61},"end":{"line":209,"column":62}}],"line":209},"17":{"loc":{"start":{"line":210,"column":26},"end":{"line":210,"column":62}},"type":"binary-expr","locations":[{"start":{"line":210,"column":26},"end":{"line":210,"column":57}},{"start":{"line":210,"column":61},"end":{"line":210,"column":62}}],"line":210},"18":{"loc":{"start":{"line":211,"column":26},"end":{"line":211,"column":62}},"type":"binary-expr","locations":[{"start":{"line":211,"column":26},"end":{"line":211,"column":57}},{"start":{"line":211,"column":61},"end":{"line":211,"column":62}}],"line":211},"19":{"loc":{"start":{"line":212,"column":24},"end":{"line":212,"column":56}},"type":"binary-expr","locations":[{"start":{"line":212,"column":24},"end":{"line":212,"column":51}},{"start":{"line":212,"column":55},"end":{"line":212,"column":56}}],"line":212},"20":{"loc":{"start":{"line":290,"column":26},"end":{"line":290,"column":62}},"type":"binary-expr","locations":[{"start":{"line":290,"column":26},"end":{"line":290,"column":57}},{"start":{"line":290,"column":61},"end":{"line":290,"column":62}}],"line":290},"21":{"loc":{"start":{"line":291,"column":24},"end":{"line":291,"column":56}},"type":"binary-expr","locations":[{"start":{"line":291,"column":24},"end":{"line":291,"column":51}},{"start":{"line":291,"column":55},"end":{"line":291,"column":56}}],"line":291},"22":{"loc":{"start":{"line":292,"column":19},"end":{"line":292,"column":34}},"type":"binary-expr","locations":[{"start":{"line":292,"column":19},"end":{"line":292,"column":28}},{"start":{"line":292,"column":32},"end":{"line":292,"column":34}}],"line":292},"23":{"loc":{"start":{"line":293,"column":21},"end":{"line":293,"column":38}},"type":"binary-expr","locations":[{"start":{"line":293,"column":21},"end":{"line":293,"column":32}},{"start":{"line":293,"column":36},"end":{"line":293,"column":38}}],"line":293},"24":{"loc":{"start":{"line":310,"column":4},"end":{"line":310,"column":74}},"type":"if","locations":[{"start":{"line":310,"column":4},"end":{"line":310,"column":74}},{"start":{},"end":{}}],"line":310},"25":{"loc":{"start":{"line":320,"column":4},"end":{"line":320,"column":88}},"type":"if","locations":[{"start":{"line":320,"column":4},"end":{"line":320,"column":88}},{"start":{},"end":{}}],"line":320},"26":{"loc":{"start":{"line":331,"column":4},"end":{"line":331,"column":88}},"type":"if","locations":[{"start":{"line":331,"column":4},"end":{"line":331,"column":88}},{"start":{},"end":{}}],"line":331},"27":{"loc":{"start":{"line":342,"column":4},"end":{"line":342,"column":93}},"type":"if","locations":[{"start":{"line":342,"column":4},"end":{"line":342,"column":93}},{"start":{},"end":{}}],"line":342},"28":{"loc":{"start":{"line":342,"column":8},"end":{"line":342,"column":34}},"type":"binary-expr","locations":[{"start":{"line":342,"column":8},"end":{"line":342,"column":20}},{"start":{"line":342,"column":24},"end":{"line":342,"column":34}}],"line":342},"29":{"loc":{"start":{"line":356,"column":4},"end":{"line":358,"column":5}},"type":"if","locations":[{"start":{"line":356,"column":4},"end":{"line":358,"column":5}},{"start":{},"end":{}}],"line":356},"30":{"loc":{"start":{"line":382,"column":4},"end":{"line":387,"column":5}},"type":"if","locations":[{"start":{"line":382,"column":4},"end":{"line":387,"column":5}},{"start":{},"end":{}}],"line":382},"31":{"loc":{"start":{"line":382,"column":8},"end":{"line":382,"column":58}},"type":"binary-expr","locations":[{"start":{"line":382,"column":8},"end":{"line":382,"column":16}},{"start":{"line":382,"column":20},"end":{"line":382,"column":31}},{"start":{"line":382,"column":35},"end":{"line":382,"column":58}}],"line":382}},"s":{"0":2,"1":2,"2":2,"3":2,"4":0,"5":0,"6":0,"7":0,"8":0,"9":0,"10":0,"11":2,"12":0,"13":0,"14":0,"15":0,"16":0,"17":0,"18":0,"19":2,"20":3,"21":3,"22":3,"23":1,"24":2,"25":2,"26":1,"27":1,"28":0,"29":2,"30":0,"31":0,"32":0,"33":0,"34":0,"35":0,"36":0,"37":2,"38":0,"39":0,"40":0,"41":0,"42":0,"43":0,"44":0,"45":2,"46":0,"47":0,"48":0,"49":0,"50":0,"51":0,"52":0,"53":0,"54":0,"55":2,"56":0,"57":0,"58":0,"59":0,"60":0,"61":0,"62":0,"63":0,"64":0,"65":2,"66":0,"67":0,"68":0,"69":0,"70":0,"71":2,"72":0,"73":0,"74":0,"75":0,"76":0,"77":0,"78":0,"79":0,"80":2,"81":0,"82":0,"83":0,"84":0,"85":0,"86":2,"87":0,"88":0,"89":0,"90":0,"91":0,"92":0,"93":0,"94":0,"95":2,"96":0,"97":0,"98":0,"99":0,"100":0,"101":0,"102":0,"103":2,"104":0,"105":0,"106":0,"107":0,"108":0,"109":0,"110":0,"111":2,"112":0,"113":0,"114":0,"115":0,"116":0,"117":0,"118":0,"119":2,"120":0,"121":0,"122":0,"123":0,"124":0,"125":0,"126":0,"127":2,"128":0,"129":0,"130":0,"131":0,"132":0,"133":0,"134":0,"135":0,"136":2,"137":2,"138":2,"139":2,"140":1,"141":1,"142":1,"143":0,"144":0,"145":2},"f":{"0":0,"1":0,"2":3,"3":0,"4":0,"5":0,"6":0,"7":0,"8":0,"9":0,"10":0,"11":0,"12":0,"13":0,"14":0,"15":0,"16":2},"b":{"0":[0,0],"1":[0,0,0,0,0,0],"2":[0,0],"3":[0,0],"4":[1,2],"5":[1,1],"6":[0,0],"7":[0,0,0,0],"8":[0,0],"9":[0,0],"10":[0,0],"11":[0,0],"12":[0,0],"13":[0,0],"14":[0,0],"15":[0,0],"16":[0,0],"17":[0,0],"18":[0,0],"19":[0,0],"20":[0,0],"21":[0,0],"22":[0,0],"23":[0,0],"24":[0,0],"25":[0,0],"26":[0,0],"27":[0,0],"28":[0,0],"29":[0,0],"30":[1,1],"31":[2,2,2]},"_coverageSchema":"1a1c01bbd47fc00a2c39e90264f33305004495a9","hash":"32f65148e798742cd449446586082c6c317df440"}
,"/var/www/rescatevial/backend/src/controllers/authController.js": {"path":"/var/www/rescatevial/backend/src/controllers/authController.js","statementMap":{"0":{"start":{"line":1,"column":20},"end":{"line":1,"column":54}},"1":{"start":{"line":2,"column":18},"end":{"line":2,"column":54}},"2":{"start":{"line":4,"column":17},"end":{"line":17,"column":1}},"3":{"start":{"line":5,"column":4},"end":{"line":16,"column":5}},"4":{"start":{"line":6,"column":21},"end":{"line":6,"column":61}},"5":{"start":{"line":8,"column":8},"end":{"line":11,"column":11}},"6":{"start":{"line":13,"column":8},"end":{"line":15,"column":11}},"7":{"start":{"line":19,"column":14},"end":{"line":57,"column":1}},"8":{"start":{"line":20,"column":22},"end":{"line":20,"column":30}},"9":{"start":{"line":23,"column":15},"end":{"line":23,"column":88}},"10":{"start":{"line":25,"column":4},"end":{"line":56,"column":5}},"11":{"start":{"line":26,"column":23},"end":{"line":26,"column":60}},"12":{"start":{"line":29,"column":8},"end":{"line":33,"column":11}},"13":{"start":{"line":35,"column":8},"end":{"line":40,"column":11}},"14":{"start":{"line":45,"column":8},"end":{"line":50,"column":11}},"15":{"start":{"line":52,"column":8},"end":{"line":55,"column":11}},"16":{"start":{"line":60,"column":0},"end":{"line":63,"column":2}}},"fnMap":{"0":{"name":"(anonymous_0)","decl":{"start":{"line":4,"column":17},"end":{"line":4,"column":18}},"loc":{"start":{"line":4,"column":37},"end":{"line":17,"column":1}},"line":4},"1":{"name":"(anonymous_1)","decl":{"start":{"line":19,"column":14},"end":{"line":19,"column":15}},"loc":{"start":{"line":19,"column":34},"end":{"line":57,"column":1}},"line":19}},"branchMap":{"0":{"loc":{"start":{"line":23,"column":15},"end":{"line":23,"column":88}},"type":"binary-expr","locations":[{"start":{"line":23,"column":15},"end":{"line":23,"column":45}},{"start":{"line":23,"column":49},"end":{"line":23,"column":73}},{"start":{"line":23,"column":77},"end":{"line":23,"column":88}}],"line":23},"1":{"loc":{"start":{"line":46,"column":19},"end":{"line":46,"column":41}},"type":"binary-expr","locations":[{"start":{"line":46,"column":19},"end":{"line":46,"column":24}},{"start":{"line":46,"column":28},"end":{"line":46,"column":41}}],"line":46}},"s":{"0":2,"1":2,"2":2,"3":2,"4":2,"5":1,"6":1,"7":2,"8":2,"9":2,"10":2,"11":2,"12":1,"13":1,"14":1,"15":1,"16":2},"f":{"0":2,"1":2},"b":{"0":[2,2,0],"1":[1,0]},"_coverageSchema":"1a1c01bbd47fc00a2c39e90264f33305004495a9","hash":"97413dd09347c90b33ee9d41ed9babe398722929"}
,"/var/www/rescatevial/backend/src/controllers/configController.js": {"path":"/var/www/rescatevial/backend/src/controllers/configController.js","statementMap":{"0":{"start":{"line":1,"column":22},"end":{"line":1,"column":58}},"1":{"start":{"line":3,"column":29},"end":{"line":18,"column":1}},"2":{"start":{"line":4,"column":2},"end":{"line":17,"column":3}},"3":{"start":{"line":5,"column":19},"end":{"line":5,"column":61}},"4":{"start":{"line":7,"column":4},"end":{"line":10,"column":7}},"5":{"start":{"line":12,"column":4},"end":{"line":12,"column":60}},"6":{"start":{"line":13,"column":4},"end":{"line":16,"column":7}},"7":{"start":{"line":20,"column":29},"end":{"line":36,"column":1}},"8":{"start":{"line":21,"column":2},"end":{"line":35,"column":3}},"9":{"start":{"line":22,"column":30},"end":{"line":22,"column":80}},"10":{"start":{"line":24,"column":4},"end":{"line":28,"column":7}},"11":{"start":{"line":30,"column":4},"end":{"line":30,"column":60}},"12":{"start":{"line":31,"column":4},"end":{"line":34,"column":7}},"13":{"start":{"line":38,"column":0},"end":{"line":41,"column":2}}},"fnMap":{"0":{"name":"(anonymous_0)","decl":{"start":{"line":3,"column":29},"end":{"line":3,"column":30}},"loc":{"start":{"line":3,"column":49},"end":{"line":18,"column":1}},"line":3},"1":{"name":"(anonymous_1)","decl":{"start":{"line":20,"column":29},"end":{"line":20,"column":30}},"loc":{"start":{"line":20,"column":49},"end":{"line":36,"column":1}},"line":20}},"branchMap":{},"s":{"0":2,"1":2,"2":0,"3":0,"4":0,"5":0,"6":0,"7":2,"8":0,"9":0,"10":0,"11":0,"12":0,"13":2},"f":{"0":0,"1":0},"b":{},"_coverageSchema":"1a1c01bbd47fc00a2c39e90264f33305004495a9","hash":"09f3f130f68f134362ab65e33e62350c1479f228"}
,"/var/www/rescatevial/backend/src/controllers/providersController.js": {"path":"/var/www/rescatevial/backend/src/controllers/providersController.js","statementMap":{"0":{"start":{"line":1,"column":24},"end":{"line":1,"column":62}},"1":{"start":{"line":3,"column":18},"end":{"line":10,"column":1}},"2":{"start":{"line":4,"column":4},"end":{"line":9,"column":5}},"3":{"start":{"line":5,"column":23},"end":{"line":5,"column":57}},"4":{"start":{"line":6,"column":8},"end":{"line":6,"column":37}},"5":{"start":{"line":8,"column":8},"end":{"line":8,"column":91}},"6":{"start":{"line":12,"column":18},"end":{"line":20,"column":1}},"7":{"start":{"line":13,"column":4},"end":{"line":19,"column":5}},"8":{"start":{"line":14,"column":29},"end":{"line":14,"column":39}},"9":{"start":{"line":15,"column":23},"end":{"line":15,"column":72}},"10":{"start":{"line":16,"column":8},"end":{"line":16,"column":37}},"11":{"start":{"line":18,"column":8},"end":{"line":18,"column":92}},"12":{"start":{"line":24,"column":20},"end":{"line":31,"column":1}},"13":{"start":{"line":25,"column":2},"end":{"line":30,"column":3}},"14":{"start":{"line":26,"column":19},"end":{"line":26,"column":50}},"15":{"start":{"line":27,"column":4},"end":{"line":27,"column":33}},"16":{"start":{"line":29,"column":4},"end":{"line":29,"column":87}},"17":{"start":{"line":32,"column":20},"end":{"line":39,"column":1}},"18":{"start":{"line":33,"column":2},"end":{"line":38,"column":3}},"19":{"start":{"line":34,"column":19},"end":{"line":34,"column":65}},"20":{"start":{"line":35,"column":4},"end":{"line":35,"column":33}},"21":{"start":{"line":37,"column":4},"end":{"line":37,"column":88}},"22":{"start":{"line":41,"column":21},"end":{"line":52,"column":1}},"23":{"start":{"line":42,"column":2},"end":{"line":51,"column":3}},"24":{"start":{"line":43,"column":22},"end":{"line":43,"column":59}},"25":{"start":{"line":44,"column":4},"end":{"line":44,"column":50}},"26":{"start":{"line":46,"column":4},"end":{"line":50,"column":7}},"27":{"start":{"line":55,"column":0},"end":{"line":55,"column":56}}},"fnMap":{"0":{"name":"(anonymous_0)","decl":{"start":{"line":3,"column":18},"end":{"line":3,"column":19}},"loc":{"start":{"line":3,"column":38},"end":{"line":10,"column":1}},"line":3},"1":{"name":"(anonymous_1)","decl":{"start":{"line":12,"column":18},"end":{"line":12,"column":19}},"loc":{"start":{"line":12,"column":38},"end":{"line":20,"column":1}},"line":12},"2":{"name":"(anonymous_2)","decl":{"start":{"line":24,"column":20},"end":{"line":24,"column":21}},"loc":{"start":{"line":24,"column":40},"end":{"line":31,"column":1}},"line":24},"3":{"name":"(anonymous_3)","decl":{"start":{"line":32,"column":20},"end":{"line":32,"column":21}},"loc":{"start":{"line":32,"column":40},"end":{"line":39,"column":1}},"line":32},"4":{"name":"(anonymous_4)","decl":{"start":{"line":41,"column":21},"end":{"line":41,"column":22}},"loc":{"start":{"line":41,"column":41},"end":{"line":52,"column":1}},"line":41}},"branchMap":{},"s":{"0":2,"1":2,"2":0,"3":0,"4":0,"5":0,"6":2,"7":0,"8":0,"9":0,"10":0,"11":0,"12":2,"13":0,"14":0,"15":0,"16":0,"17":2,"18":0,"19":0,"20":0,"21":0,"22":2,"23":0,"24":0,"25":0,"26":0,"27":2},"f":{"0":0,"1":0,"2":0,"3":0,"4":0},"b":{},"_coverageSchema":"1a1c01bbd47fc00a2c39e90264f33305004495a9","hash":"fd6e5ce6421c039f0d93e833ac80c07f7a9e795f"}
,"/var/www/rescatevial/backend/src/controllers/tallerController.js": {"path":"/var/www/rescatevial/backend/src/controllers/tallerController.js","statementMap":{"0":{"start":{"line":1,"column":22},"end":{"line":1,"column":58}},"1":{"start":{"line":3,"column":25},"end":{"line":307,"column":1}},"2":{"start":{"line":5,"column":4},"end":{"line":33,"column":5}},"3":{"start":{"line":6,"column":21},"end":{"line":20,"column":8}},"4":{"start":{"line":22,"column":6},"end":{"line":26,"column":9}},"5":{"start":{"line":28,"column":6},"end":{"line":28,"column":56}},"6":{"start":{"line":29,"column":6},"end":{"line":32,"column":9}},"7":{"start":{"line":37,"column":4},"end":{"line":43,"column":5}},"8":{"start":{"line":38,"column":26},"end":{"line":38,"column":66}},"9":{"start":{"line":39,"column":6},"end":{"line":39,"column":42}},"10":{"start":{"line":41,"column":6},"end":{"line":41,"column":60}},"11":{"start":{"line":42,"column":6},"end":{"line":42,"column":83}},"12":{"start":{"line":47,"column":4},"end":{"line":67,"column":5}},"13":{"start":{"line":48,"column":21},"end":{"line":48,"column":31}},"14":{"start":{"line":49,"column":47},"end":{"line":49,"column":55}},"15":{"start":{"line":51,"column":6},"end":{"line":53,"column":7}},"16":{"start":{"line":52,"column":8},"end":{"line":52,"column":88}},"17":{"start":{"line":55,"column":6},"end":{"line":55,"column":78}},"18":{"start":{"line":57,"column":6},"end":{"line":60,"column":9}},"19":{"start":{"line":62,"column":6},"end":{"line":62,"column":61}},"20":{"start":{"line":63,"column":6},"end":{"line":66,"column":9}},"21":{"start":{"line":71,"column":4},"end":{"line":93,"column":5}},"22":{"start":{"line":72,"column":34},"end":{"line":72,"column":42}},"23":{"start":{"line":74,"column":6},"end":{"line":79,"column":7}},"24":{"start":{"line":75,"column":8},"end":{"line":78,"column":11}},"25":{"start":{"line":81,"column":6},"end":{"line":81,"column":67}},"26":{"start":{"line":83,"column":6},"end":{"line":86,"column":9}},"27":{"start":{"line":88,"column":6},"end":{"line":88,"column":57}},"28":{"start":{"line":89,"column":6},"end":{"line":92,"column":9}},"29":{"start":{"line":98,"column":2},"end":{"line":121,"column":3}},"30":{"start":{"line":99,"column":24},"end":{"line":99,"column":32}},"31":{"start":{"line":101,"column":4},"end":{"line":105,"column":5}},"32":{"start":{"line":102,"column":6},"end":{"line":104,"column":9}},"33":{"start":{"line":107,"column":17},"end":{"line":107,"column":72}},"34":{"start":{"line":109,"column":4},"end":{"line":114,"column":7}},"35":{"start":{"line":116,"column":4},"end":{"line":116,"column":53}},"36":{"start":{"line":117,"column":4},"end":{"line":120,"column":7}},"37":{"start":{"line":127,"column":4},"end":{"line":140,"column":5}},"38":{"start":{"line":128,"column":41},"end":{"line":128,"column":49}},"39":{"start":{"line":130,"column":6},"end":{"line":132,"column":7}},"40":{"start":{"line":131,"column":8},"end":{"line":131,"column":91}},"41":{"start":{"line":134,"column":6},"end":{"line":134,"column":71}},"42":{"start":{"line":136,"column":6},"end":{"line":136,"column":75}},"43":{"start":{"line":138,"column":6},"end":{"line":138,"column":59}},"44":{"start":{"line":139,"column":6},"end":{"line":139,"column":55}},"45":{"start":{"line":144,"column":4},"end":{"line":157,"column":5}},"46":{"start":{"line":145,"column":30},"end":{"line":145,"column":38}},"47":{"start":{"line":147,"column":6},"end":{"line":149,"column":7}},"48":{"start":{"line":148,"column":8},"end":{"line":148,"column":77}},"49":{"start":{"line":151,"column":6},"end":{"line":151,"column":61}},"50":{"start":{"line":153,"column":6},"end":{"line":153,"column":88}},"51":{"start":{"line":155,"column":6},"end":{"line":155,"column":60}},"52":{"start":{"line":156,"column":6},"end":{"line":156,"column":55}},"53":{"start":{"line":161,"column":4},"end":{"line":178,"column":5}},"54":{"start":{"line":162,"column":28},"end":{"line":162,"column":38}},"55":{"start":{"line":163,"column":24},"end":{"line":163,"column":77}},"56":{"start":{"line":165,"column":6},"end":{"line":167,"column":7}},"57":{"start":{"line":166,"column":8},"end":{"line":166,"column":57}},"58":{"start":{"line":169,"column":6},"end":{"line":174,"column":9}},"59":{"start":{"line":176,"column":6},"end":{"line":176,"column":65}},"60":{"start":{"line":177,"column":6},"end":{"line":177,"column":55}},"61":{"start":{"line":182,"column":4},"end":{"line":198,"column":5}},"62":{"start":{"line":183,"column":28},"end":{"line":183,"column":38}},"63":{"start":{"line":185,"column":24},"end":{"line":185,"column":73}},"64":{"start":{"line":187,"column":6},"end":{"line":189,"column":7}},"65":{"start":{"line":188,"column":8},"end":{"line":188,"column":72}},"66":{"start":{"line":191,"column":6},"end":{"line":195,"column":9}},"67":{"start":{"line":197,"column":6},"end":{"line":197,"column":71}},"68":{"start":{"line":203,"column":4},"end":{"line":212,"column":5}},"69":{"start":{"line":204,"column":40},"end":{"line":204,"column":48}},"70":{"start":{"line":205,"column":6},"end":{"line":206,"column":65}},"71":{"start":{"line":206,"column":8},"end":{"line":206,"column":65}},"72":{"start":{"line":208,"column":6},"end":{"line":208,"column":78}},"73":{"start":{"line":209,"column":6},"end":{"line":209,"column":41}},"74":{"start":{"line":211,"column":6},"end":{"line":211,"column":55}},"75":{"start":{"line":216,"column":4},"end":{"line":223,"column":5}},"76":{"start":{"line":217,"column":30},"end":{"line":217,"column":40}},"77":{"start":{"line":218,"column":21},"end":{"line":218,"column":71}},"78":{"start":{"line":219,"column":6},"end":{"line":219,"column":76}},"79":{"start":{"line":219,"column":19},"end":{"line":219,"column":76}},"80":{"start":{"line":220,"column":6},"end":{"line":220,"column":63}},"81":{"start":{"line":222,"column":6},"end":{"line":222,"column":55}},"82":{"start":{"line":227,"column":4},"end":{"line":244,"column":5}},"83":{"start":{"line":228,"column":30},"end":{"line":228,"column":38}},"84":{"start":{"line":230,"column":6},"end":{"line":232,"column":7}},"85":{"start":{"line":231,"column":8},"end":{"line":231,"column":74}},"86":{"start":{"line":234,"column":6},"end":{"line":234,"column":64}},"87":{"start":{"line":236,"column":6},"end":{"line":240,"column":9}},"88":{"start":{"line":242,"column":6},"end":{"line":242,"column":54}},"89":{"start":{"line":243,"column":6},"end":{"line":243,"column":55}},"90":{"start":{"line":249,"column":4},"end":{"line":256,"column":5}},"91":{"start":{"line":250,"column":30},"end":{"line":250,"column":38}},"92":{"start":{"line":251,"column":6},"end":{"line":251,"column":90}},"93":{"start":{"line":251,"column":24},"end":{"line":251,"column":90}},"94":{"start":{"line":252,"column":6},"end":{"line":252,"column":69}},"95":{"start":{"line":253,"column":6},"end":{"line":253,"column":41}},"96":{"start":{"line":255,"column":6},"end":{"line":255,"column":55}},"97":{"start":{"line":260,"column":4},"end":{"line":267,"column":5}},"98":{"start":{"line":261,"column":30},"end":{"line":261,"column":38}},"99":{"start":{"line":262,"column":6},"end":{"line":262,"column":90}},"100":{"start":{"line":262,"column":24},"end":{"line":262,"column":90}},"101":{"start":{"line":263,"column":6},"end":{"line":263,"column":74}},"102":{"start":{"line":264,"column":6},"end":{"line":264,"column":41}},"103":{"start":{"line":266,"column":6},"end":{"line":266,"column":55}},"104":{"start":{"line":271,"column":4},"end":{"line":278,"column":5}},"105":{"start":{"line":272,"column":53},"end":{"line":272,"column":61}},"106":{"start":{"line":273,"column":6},"end":{"line":273,"column":95}},"107":{"start":{"line":273,"column":38},"end":{"line":273,"column":95}},"108":{"start":{"line":274,"column":6},"end":{"line":274,"column":99}},"109":{"start":{"line":275,"column":6},"end":{"line":275,"column":41}},"110":{"start":{"line":277,"column":6},"end":{"line":277,"column":55}},"111":{"start":{"line":282,"column":2},"end":{"line":303,"column":3}},"112":{"start":{"line":283,"column":24},"end":{"line":283,"column":34}},"113":{"start":{"line":285,"column":4},"end":{"line":287,"column":5}},"114":{"start":{"line":286,"column":6},"end":{"line":286,"column":68}},"115":{"start":{"line":289,"column":17},"end":{"line":289,"column":72}},"116":{"start":{"line":291,"column":4},"end":{"line":295,"column":7}},"117":{"start":{"line":297,"column":4},"end":{"line":297,"column":67}},"118":{"start":{"line":298,"column":4},"end":{"line":302,"column":7}},"119":{"start":{"line":309,"column":0},"end":{"line":309,"column":34}}},"fnMap":{"0":{"name":"(anonymous_0)","decl":{"start":{"line":4,"column":2},"end":{"line":4,"column":3}},"loc":{"start":{"line":4,"column":33},"end":{"line":34,"column":3}},"line":4},"1":{"name":"(anonymous_1)","decl":{"start":{"line":36,"column":2},"end":{"line":36,"column":3}},"loc":{"start":{"line":36,"column":37},"end":{"line":44,"column":3}},"line":36},"2":{"name":"(anonymous_2)","decl":{"start":{"line":46,"column":2},"end":{"line":46,"column":3}},"loc":{"start":{"line":46,"column":36},"end":{"line":68,"column":3}},"line":46},"3":{"name":"(anonymous_3)","decl":{"start":{"line":70,"column":2},"end":{"line":70,"column":3}},"loc":{"start":{"line":70,"column":43},"end":{"line":94,"column":3}},"line":70},"4":{"name":"(anonymous_4)","decl":{"start":{"line":97,"column":2},"end":{"line":97,"column":3}},"loc":{"start":{"line":97,"column":31},"end":{"line":122,"column":1}},"line":97},"5":{"name":"(anonymous_5)","decl":{"start":{"line":126,"column":2},"end":{"line":126,"column":3}},"loc":{"start":{"line":126,"column":35},"end":{"line":141,"column":3}},"line":126},"6":{"name":"(anonymous_6)","decl":{"start":{"line":143,"column":2},"end":{"line":143,"column":3}},"loc":{"start":{"line":143,"column":36},"end":{"line":158,"column":3}},"line":143},"7":{"name":"(anonymous_7)","decl":{"start":{"line":160,"column":2},"end":{"line":160,"column":3}},"loc":{"start":{"line":160,"column":41},"end":{"line":179,"column":3}},"line":160},"8":{"name":"(anonymous_8)","decl":{"start":{"line":181,"column":2},"end":{"line":181,"column":3}},"loc":{"start":{"line":181,"column":43},"end":{"line":199,"column":3}},"line":181},"9":{"name":"(anonymous_9)","decl":{"start":{"line":202,"column":2},"end":{"line":202,"column":3}},"loc":{"start":{"line":202,"column":37},"end":{"line":213,"column":3}},"line":202},"10":{"name":"(anonymous_10)","decl":{"start":{"line":215,"column":2},"end":{"line":215,"column":3}},"loc":{"start":{"line":215,"column":30},"end":{"line":224,"column":3}},"line":215},"11":{"name":"(anonymous_11)","decl":{"start":{"line":226,"column":2},"end":{"line":226,"column":3}},"loc":{"start":{"line":226,"column":30},"end":{"line":245,"column":3}},"line":226},"12":{"name":"(anonymous_12)","decl":{"start":{"line":248,"column":2},"end":{"line":248,"column":3}},"loc":{"start":{"line":248,"column":30},"end":{"line":257,"column":3}},"line":248},"13":{"name":"(anonymous_13)","decl":{"start":{"line":259,"column":2},"end":{"line":259,"column":3}},"loc":{"start":{"line":259,"column":35},"end":{"line":268,"column":3}},"line":259},"14":{"name":"(anonymous_14)","decl":{"start":{"line":270,"column":2},"end":{"line":270,"column":3}},"loc":{"start":{"line":270,"column":28},"end":{"line":279,"column":3}},"line":270},"15":{"name":"(anonymous_15)","decl":{"start":{"line":281,"column":2},"end":{"line":281,"column":3}},"loc":{"start":{"line":281,"column":45},"end":{"line":304,"column":1}},"line":281}},"branchMap":{"0":{"loc":{"start":{"line":8,"column":17},"end":{"line":8,"column":44}},"type":"binary-expr","locations":[{"start":{"line":8,"column":17},"end":{"line":8,"column":36}},{"start":{"line":8,"column":40},"end":{"line":8,"column":44}}],"line":8},"1":{"loc":{"start":{"line":9,"column":18},"end":{"line":9,"column":43}},"type":"binary-expr","locations":[{"start":{"line":9,"column":18},"end":{"line":9,"column":35}},{"start":{"line":9,"column":39},"end":{"line":9,"column":43}}],"line":9},"2":{"loc":{"start":{"line":11,"column":27},"end":{"line":11,"column":57}},"type":"binary-expr","locations":[{"start":{"line":11,"column":27},"end":{"line":11,"column":52}},{"start":{"line":11,"column":56},"end":{"line":11,"column":57}}],"line":11},"3":{"loc":{"start":{"line":12,"column":15},"end":{"line":12,"column":41}},"type":"binary-expr","locations":[{"start":{"line":12,"column":15},"end":{"line":12,"column":33}},{"start":{"line":12,"column":37},"end":{"line":12,"column":41}}],"line":12},"4":{"loc":{"start":{"line":13,"column":15},"end":{"line":13,"column":41}},"type":"binary-expr","locations":[{"start":{"line":13,"column":15},"end":{"line":13,"column":33}},{"start":{"line":13,"column":37},"end":{"line":13,"column":41}}],"line":13},"5":{"loc":{"start":{"line":14,"column":16},"end":{"line":14,"column":43}},"type":"binary-expr","locations":[{"start":{"line":14,"column":16},"end":{"line":14,"column":35}},{"start":{"line":14,"column":39},"end":{"line":14,"column":43}}],"line":14},"6":{"loc":{"start":{"line":15,"column":16},"end":{"line":15,"column":43}},"type":"binary-expr","locations":[{"start":{"line":15,"column":16},"end":{"line":15,"column":35}},{"start":{"line":15,"column":39},"end":{"line":15,"column":43}}],"line":15},"7":{"loc":{"start":{"line":16,"column":12},"end":{"line":16,"column":35}},"type":"binary-expr","locations":[{"start":{"line":16,"column":12},"end":{"line":16,"column":27}},{"start":{"line":16,"column":31},"end":{"line":16,"column":35}}],"line":16},"8":{"loc":{"start":{"line":17,"column":17},"end":{"line":17,"column":45}},"type":"binary-expr","locations":[{"start":{"line":17,"column":17},"end":{"line":17,"column":37}},{"start":{"line":17,"column":41},"end":{"line":17,"column":45}}],"line":17},"9":{"loc":{"start":{"line":18,"column":19},"end":{"line":18,"column":49}},"type":"binary-expr","locations":[{"start":{"line":18,"column":19},"end":{"line":18,"column":41}},{"start":{"line":18,"column":45},"end":{"line":18,"column":49}}],"line":18},"10":{"loc":{"start":{"line":19,"column":16},"end":{"line":19,"column":43}},"type":"binary-expr","locations":[{"start":{"line":19,"column":16},"end":{"line":19,"column":35}},{"start":{"line":19,"column":39},"end":{"line":19,"column":43}}],"line":19},"11":{"loc":{"start":{"line":31,"column":17},"end":{"line":31,"column":60}},"type":"binary-expr","locations":[{"start":{"line":31,"column":17},"end":{"line":31,"column":30}},{"start":{"line":31,"column":34},"end":{"line":31,"column":60}}],"line":31},"12":{"loc":{"start":{"line":51,"column":6},"end":{"line":53,"column":7}},"type":"if","locations":[{"start":{"line":51,"column":6},"end":{"line":53,"column":7}},{"start":{},"end":{}}],"line":51},"13":{"loc":{"start":{"line":65,"column":17},"end":{"line":65,"column":65}},"type":"binary-expr","locations":[{"start":{"line":65,"column":17},"end":{"line":65,"column":30}},{"start":{"line":65,"column":34},"end":{"line":65,"column":65}}],"line":65},"14":{"loc":{"start":{"line":74,"column":6},"end":{"line":79,"column":7}},"type":"if","locations":[{"start":{"line":74,"column":6},"end":{"line":79,"column":7}},{"start":{},"end":{}}],"line":74},"15":{"loc":{"start":{"line":74,"column":10},"end":{"line":74,"column":29}},"type":"binary-expr","locations":[{"start":{"line":74,"column":10},"end":{"line":74,"column":16}},{"start":{"line":74,"column":20},"end":{"line":74,"column":29}}],"line":74},"16":{"loc":{"start":{"line":91,"column":17},"end":{"line":91,"column":66}},"type":"binary-expr","locations":[{"start":{"line":91,"column":17},"end":{"line":91,"column":30}},{"start":{"line":91,"column":34},"end":{"line":91,"column":66}}],"line":91},"17":{"loc":{"start":{"line":101,"column":4},"end":{"line":105,"column":5}},"type":"if","locations":[{"start":{"line":101,"column":4},"end":{"line":105,"column":5}},{"start":{},"end":{}}],"line":101},"18":{"loc":{"start":{"line":130,"column":6},"end":{"line":132,"column":7}},"type":"if","locations":[{"start":{"line":130,"column":6},"end":{"line":132,"column":7}},{"start":{},"end":{}}],"line":130},"19":{"loc":{"start":{"line":130,"column":10},"end":{"line":130,"column":36}},"type":"binary-expr","locations":[{"start":{"line":130,"column":10},"end":{"line":130,"column":22}},{"start":{"line":130,"column":26},"end":{"line":130,"column":36}}],"line":130},"20":{"loc":{"start":{"line":147,"column":6},"end":{"line":149,"column":7}},"type":"if","locations":[{"start":{"line":147,"column":6},"end":{"line":149,"column":7}},{"start":{},"end":{}}],"line":147},"21":{"loc":{"start":{"line":165,"column":6},"end":{"line":167,"column":7}},"type":"if","locations":[{"start":{"line":165,"column":6},"end":{"line":167,"column":7}},{"start":{},"end":{}}],"line":165},"22":{"loc":{"start":{"line":187,"column":6},"end":{"line":189,"column":7}},"type":"if","locations":[{"start":{"line":187,"column":6},"end":{"line":189,"column":7}},{"start":{},"end":{}}],"line":187},"23":{"loc":{"start":{"line":205,"column":6},"end":{"line":206,"column":65}},"type":"if","locations":[{"start":{"line":205,"column":6},"end":{"line":206,"column":65}},{"start":{},"end":{}}],"line":205},"24":{"loc":{"start":{"line":205,"column":10},"end":{"line":205,"column":52}},"type":"binary-expr","locations":[{"start":{"line":205,"column":10},"end":{"line":205,"column":22}},{"start":{"line":205,"column":26},"end":{"line":205,"column":37}},{"start":{"line":205,"column":41},"end":{"line":205,"column":52}}],"line":205},"25":{"loc":{"start":{"line":219,"column":6},"end":{"line":219,"column":76}},"type":"if","locations":[{"start":{"line":219,"column":6},"end":{"line":219,"column":76}},{"start":{},"end":{}}],"line":219},"26":{"loc":{"start":{"line":230,"column":6},"end":{"line":232,"column":7}},"type":"if","locations":[{"start":{"line":230,"column":6},"end":{"line":232,"column":7}},{"start":{},"end":{}}],"line":230},"27":{"loc":{"start":{"line":251,"column":6},"end":{"line":251,"column":90}},"type":"if","locations":[{"start":{"line":251,"column":6},"end":{"line":251,"column":90}},{"start":{},"end":{}}],"line":251},"28":{"loc":{"start":{"line":262,"column":6},"end":{"line":262,"column":90}},"type":"if","locations":[{"start":{"line":262,"column":6},"end":{"line":262,"column":90}},{"start":{},"end":{}}],"line":262},"29":{"loc":{"start":{"line":273,"column":6},"end":{"line":273,"column":95}},"type":"if","locations":[{"start":{"line":273,"column":6},"end":{"line":273,"column":95}},{"start":{},"end":{}}],"line":273},"30":{"loc":{"start":{"line":273,"column":10},"end":{"line":273,"column":36}},"type":"binary-expr","locations":[{"start":{"line":273,"column":10},"end":{"line":273,"column":22}},{"start":{"line":273,"column":26},"end":{"line":273,"column":36}}],"line":273},"31":{"loc":{"start":{"line":285,"column":4},"end":{"line":287,"column":5}},"type":"if","locations":[{"start":{"line":285,"column":4},"end":{"line":287,"column":5}},{"start":{},"end":{}}],"line":285}},"s":{"0":2,"1":2,"2":0,"3":0,"4":0,"5":0,"6":0,"7":0,"8":0,"9":0,"10":0,"11":0,"12":0,"13":0,"14":0,"15":0,"16":0,"17":0,"18":0,"19":0,"20":0,"21":0,"22":0,"23":0,"24":0,"25":0,"26":0,"27":0,"28":0,"29":0,"30":0,"31":0,"32":0,"33":0,"34":0,"35":0,"36":0,"37":0,"38":0,"39":0,"40":0,"41":0,"42":0,"43":0,"44":0,"45":0,"46":0,"47":0,"48":0,"49":0,"50":0,"51":0,"52":0,"53":0,"54":0,"55":0,"56":0,"57":0,"58":0,"59":0,"60":0,"61":0,"62":0,"63":0,"64":0,"65":0,"66":0,"67":0,"68":0,"69":0,"70":0,"71":0,"72":0,"73":0,"74":0,"75":0,"76":0,"77":0,"78":0,"79":0,"80":0,"81":0,"82":0,"83":0,"84":0,"85":0,"86":0,"87":0,"88":0,"89":0,"90":0,"91":0,"92":0,"93":0,"94":0,"95":0,"96":0,"97":0,"98":0,"99":0,"100":0,"101":0,"102":0,"103":0,"104":0,"105":0,"106":0,"107":0,"108":0,"109":0,"110":0,"111":0,"112":0,"113":0,"114":0,"115":0,"116":0,"117":0,"118":0,"119":2},"f":{"0":0,"1":0,"2":0,"3":0,"4":0,"5":0,"6":0,"7":0,"8":0,"9":0,"10":0,"11":0,"12":0,"13":0,"14":0,"15":0},"b":{"0":[0,0],"1":[0,0],"2":[0,0],"3":[0,0],"4":[0,0],"5":[0,0],"6":[0,0],"7":[0,0],"8":[0,0],"9":[0,0],"10":[0,0],"11":[0,0],"12":[0,0],"13":[0,0],"14":[0,0],"15":[0,0],"16":[0,0],"17":[0,0],"18":[0,0],"19":[0,0],"20":[0,0],"21":[0,0],"22":[0,0],"23":[0,0],"24":[0,0,0],"25":[0,0],"26":[0,0],"27":[0,0],"28":[0,0],"29":[0,0],"30":[0,0],"31":[0,0]},"_coverageSchema":"1a1c01bbd47fc00a2c39e90264f33305004495a9","hash":"e6a7b2c6118f3b901a4292c5bd246d1c48d290f6"}
,"/var/www/rescatevial/backend/src/middlewares/rateLimiter.js": {"path":"/var/www/rescatevial/backend/src/middlewares/rateLimiter.js","statementMap":{"0":{"start":{"line":1,"column":18},"end":{"line":1,"column":47}},"1":{"start":{"line":4,"column":21},"end":{"line":17,"column":2}},"2":{"start":{"line":15,"column":8},"end":{"line":15,"column":74}},"3":{"start":{"line":20,"column":19},"end":{"line":31,"column":2}},"4":{"start":{"line":29,"column":8},"end":{"line":29,"column":74}},"5":{"start":{"line":33,"column":0},"end":{"line":36,"column":2}}},"fnMap":{"0":{"name":"(anonymous_0)","decl":{"start":{"line":14,"column":18},"end":{"line":14,"column":19}},"loc":{"start":{"line":14,"column":27},"end":{"line":16,"column":5}},"line":14},"1":{"name":"(anonymous_1)","decl":{"start":{"line":28,"column":18},"end":{"line":28,"column":19}},"loc":{"start":{"line":28,"column":27},"end":{"line":30,"column":5}},"line":28}},"branchMap":{"0":{"loc":{"start":{"line":15,"column":15},"end":{"line":15,"column":73}},"type":"binary-expr","locations":[{"start":{"line":15,"column":15},"end":{"line":15,"column":45}},{"start":{"line":15,"column":49},"end":{"line":15,"column":73}}],"line":15},"1":{"loc":{"start":{"line":29,"column":15},"end":{"line":29,"column":73}},"type":"binary-expr","locations":[{"start":{"line":29,"column":15},"end":{"line":29,"column":45}},{"start":{"line":29,"column":49},"end":{"line":29,"column":73}}],"line":29}},"s":{"0":2,"1":2,"2":2,"3":2,"4":5,"5":2},"f":{"0":2,"1":5},"b":{"0":[2,2],"1":[5,5]},"_coverageSchema":"1a1c01bbd47fc00a2c39e90264f33305004495a9","hash":"dbbb1d559bc7c88cbec689efc9915f292cd1a087"}
,"/var/www/rescatevial/backend/src/middlewares/usersMiddlewares.js": {"path":"/var/www/rescatevial/backend/src/middlewares/usersMiddlewares.js","statementMap":{"0":{"start":{"line":1,"column":12},"end":{"line":1,"column":35}},"1":{"start":{"line":2,"column":24},"end":{"line":2,"column":57}},"2":{"start":{"line":4,"column":23},"end":{"line":24,"column":1}},"3":{"start":{"line":6,"column":23},"end":{"line":6,"column":51}},"4":{"start":{"line":7,"column":18},"end":{"line":7,"column":56}},"5":{"start":{"line":9,"column":4},"end":{"line":11,"column":5}},"6":{"start":{"line":10,"column":8},"end":{"line":10,"column":91}},"7":{"start":{"line":13,"column":4},"end":{"line":23,"column":5}},"8":{"start":{"line":15,"column":24},"end":{"line":15,"column":81}},"9":{"start":{"line":18,"column":8},"end":{"line":18,"column":27}},"10":{"start":{"line":20,"column":8},"end":{"line":20,"column":15}},"11":{"start":{"line":22,"column":8},"end":{"line":22,"column":77}},"12":{"start":{"line":26,"column":0},"end":{"line":26,"column":36}}},"fnMap":{"0":{"name":"(anonymous_0)","decl":{"start":{"line":4,"column":23},"end":{"line":4,"column":24}},"loc":{"start":{"line":4,"column":43},"end":{"line":24,"column":1}},"line":4}},"branchMap":{"0":{"loc":{"start":{"line":7,"column":18},"end":{"line":7,"column":56}},"type":"binary-expr","locations":[{"start":{"line":7,"column":18},"end":{"line":7,"column":28}},{"start":{"line":7,"column":32},"end":{"line":7,"column":56}}],"line":7},"1":{"loc":{"start":{"line":9,"column":4},"end":{"line":11,"column":5}},"type":"if","locations":[{"start":{"line":9,"column":4},"end":{"line":11,"column":5}},{"start":{},"end":{}}],"line":9}},"s":{"0":1,"1":1,"2":1,"3":0,"4":0,"5":0,"6":0,"7":0,"8":0,"9":0,"10":0,"11":0,"12":1},"f":{"0":0},"b":{"0":[0,0],"1":[0,0]},"_coverageSchema":"1a1c01bbd47fc00a2c39e90264f33305004495a9","hash":"1fb62a637f29e35e63fa2b204320906d4a492cf7"}
,"/var/www/rescatevial/backend/src/models/mysql/authModel.js": {"path":"/var/www/rescatevial/backend/src/models/mysql/authModel.js","statementMap":{"0":{"start":{"line":1,"column":11},"end":{"line":1,"column":37}},"1":{"start":{"line":3,"column":0},"end":{"line":9,"column":2}},"2":{"start":{"line":4,"column":19},"end":{"line":7,"column":5}},"3":{"start":{"line":8,"column":4},"end":{"line":8,"column":19}},"4":{"start":{"line":11,"column":0},"end":{"line":26,"column":2}},"5":{"start":{"line":12,"column":21},"end":{"line":23,"column":5}},"6":{"start":{"line":25,"column":4},"end":{"line":25,"column":35}},"7":{"start":{"line":28,"column":0},"end":{"line":37,"column":2}},"8":{"start":{"line":29,"column":19},"end":{"line":34,"column":5}},"9":{"start":{"line":36,"column":4},"end":{"line":36,"column":19}},"10":{"start":{"line":39,"column":0},"end":{"line":50,"column":2}},"11":{"start":{"line":40,"column":4},"end":{"line":49,"column":6}}},"fnMap":{"0":{"name":"(anonymous_0)","decl":{"start":{"line":3,"column":22},"end":{"line":3,"column":23}},"loc":{"start":{"line":3,"column":39},"end":{"line":9,"column":1}},"line":3},"1":{"name":"(anonymous_1)","decl":{"start":{"line":11,"column":21},"end":{"line":11,"column":22}},"loc":{"start":{"line":11,"column":37},"end":{"line":26,"column":1}},"line":11},"2":{"name":"(anonymous_2)","decl":{"start":{"line":28,"column":34},"end":{"line":28,"column":35}},"loc":{"start":{"line":28,"column":51},"end":{"line":37,"column":1}},"line":28},"3":{"name":"(anonymous_3)","decl":{"start":{"line":39,"column":31},"end":{"line":39,"column":32}},"loc":{"start":{"line":39,"column":50},"end":{"line":50,"column":1}},"line":39}},"branchMap":{"0":{"loc":{"start":{"line":47,"column":12},"end":{"line":47,"column":34}},"type":"binary-expr","locations":[{"start":{"line":47,"column":12},"end":{"line":47,"column":26}},{"start":{"line":47,"column":30},"end":{"line":47,"column":34}}],"line":47}},"s":{"0":2,"1":2,"2":0,"3":0,"4":2,"5":0,"6":0,"7":2,"8":0,"9":0,"10":2,"11":0},"f":{"0":0,"1":0,"2":0,"3":0},"b":{"0":[0,0]},"_coverageSchema":"1a1c01bbd47fc00a2c39e90264f33305004495a9","hash":"a01396623a29c6828ff3da18e7a3f3734d939a67"}
,"/var/www/rescatevial/backend/src/models/mysql/providerModel.js": {"path":"/var/www/rescatevial/backend/src/models/mysql/providerModel.js","statementMap":{"0":{"start":{"line":1,"column":11},"end":{"line":1,"column":37}},"1":{"start":{"line":3,"column":0},"end":{"line":6,"column":2}},"2":{"start":{"line":4,"column":19},"end":{"line":4,"column":89}},"3":{"start":{"line":5,"column":4},"end":{"line":5,"column":16}},"4":{"start":{"line":8,"column":0},"end":{"line":14,"column":2}},"5":{"start":{"line":9,"column":19},"end":{"line":12,"column":5}},"6":{"start":{"line":13,"column":4},"end":{"line":13,"column":16}},"7":{"start":{"line":16,"column":0},"end":{"line":36,"column":2}},"8":{"start":{"line":17,"column":19},"end":{"line":33,"column":6}},"9":{"start":{"line":35,"column":4},"end":{"line":35,"column":16}}},"fnMap":{"0":{"name":"(anonymous_0)","decl":{"start":{"line":3,"column":27},"end":{"line":3,"column":28}},"loc":{"start":{"line":3,"column":39},"end":{"line":6,"column":1}},"line":3},"1":{"name":"(anonymous_1)","decl":{"start":{"line":8,"column":34},"end":{"line":8,"column":35}},"loc":{"start":{"line":8,"column":54},"end":{"line":14,"column":1}},"line":8},"2":{"name":"(anonymous_2)","decl":{"start":{"line":16,"column":23},"end":{"line":16,"column":24}},"loc":{"start":{"line":16,"column":35},"end":{"line":36,"column":1}},"line":16}},"branchMap":{},"s":{"0":2,"1":2,"2":0,"3":0,"4":2,"5":0,"6":0,"7":2,"8":0,"9":0},"f":{"0":0,"1":0,"2":0},"b":{},"_coverageSchema":"1a1c01bbd47fc00a2c39e90264f33305004495a9","hash":"b4b227dd43bc877be570b0641238dd914609ea23"}
,"/var/www/rescatevial/backend/src/models/mysql/tallerModel.js": {"path":"/var/www/rescatevial/backend/src/models/mysql/tallerModel.js","statementMap":{"0":{"start":{"line":1,"column":13},"end":{"line":1,"column":39}},"1":{"start":{"line":3,"column":20},"end":{"line":286,"column":1}},"2":{"start":{"line":6,"column":19},"end":{"line":28,"column":6}},"3":{"start":{"line":30,"column":4},"end":{"line":30,"column":16}},"4":{"start":{"line":38,"column":8},"end":{"line":38,"column":12}},"5":{"start":{"line":40,"column":17},"end":{"line":40,"column":43}},"6":{"start":{"line":42,"column":4},"end":{"line":68,"column":5}},"7":{"start":{"line":43,"column":6},"end":{"line":43,"column":36}},"8":{"start":{"line":45,"column":23},"end":{"line":50,"column":7}},"9":{"start":{"line":52,"column":20},"end":{"line":52,"column":35}},"10":{"start":{"line":54,"column":6},"end":{"line":59,"column":8}},"11":{"start":{"line":61,"column":6},"end":{"line":61,"column":26}},"12":{"start":{"line":62,"column":6},"end":{"line":62,"column":23}},"13":{"start":{"line":64,"column":6},"end":{"line":64,"column":28}},"14":{"start":{"line":65,"column":6},"end":{"line":65,"column":18}},"15":{"start":{"line":67,"column":6},"end":{"line":67,"column":21}},"16":{"start":{"line":72,"column":21},"end":{"line":77,"column":5}},"17":{"start":{"line":79,"column":4},"end":{"line":81,"column":5}},"18":{"start":{"line":80,"column":6},"end":{"line":80,"column":49}},"19":{"start":{"line":83,"column":4},"end":{"line":83,"column":24}},"20":{"start":{"line":89,"column":19},"end":{"line":92,"column":5}},"21":{"start":{"line":93,"column":4},"end":{"line":93,"column":19}},"22":{"start":{"line":97,"column":19},"end":{"line":100,"column":5}},"23":{"start":{"line":101,"column":4},"end":{"line":101,"column":19}},"24":{"start":{"line":105,"column":17},"end":{"line":105,"column":43}},"25":{"start":{"line":107,"column":4},"end":{"line":172,"column":5}},"26":{"start":{"line":108,"column":6},"end":{"line":108,"column":36}},"27":{"start":{"line":110,"column":24},"end":{"line":112,"column":7}},"28":{"start":{"line":114,"column":6},"end":{"line":114,"column":75}},"29":{"start":{"line":114,"column":32},"end":{"line":114,"column":75}},"30":{"start":{"line":116,"column":24},"end":{"line":116,"column":34}},"31":{"start":{"line":118,"column":6},"end":{"line":118,"column":94}},"32":{"start":{"line":118,"column":46},"end":{"line":118,"column":94}},"33":{"start":{"line":119,"column":6},"end":{"line":119,"column":96}},"34":{"start":{"line":119,"column":47},"end":{"line":119,"column":96}},"35":{"start":{"line":121,"column":25},"end":{"line":123,"column":7}},"36":{"start":{"line":124,"column":24},"end":{"line":124,"column":35}},"37":{"start":{"line":126,"column":26},"end":{"line":128,"column":7}},"38":{"start":{"line":129,"column":6},"end":{"line":129,"column":87}},"39":{"start":{"line":129,"column":32},"end":{"line":129,"column":87}},"40":{"start":{"line":131,"column":27},"end":{"line":136,"column":7}},"41":{"start":{"line":137,"column":21},"end":{"line":137,"column":40}},"42":{"start":{"line":139,"column":29},"end":{"line":144,"column":7}},"43":{"start":{"line":145,"column":27},"end":{"line":145,"column":48}},"44":{"start":{"line":147,"column":6},"end":{"line":159,"column":7}},"45":{"start":{"line":148,"column":8},"end":{"line":158,"column":10}},"46":{"start":{"line":161,"column":6},"end":{"line":163,"column":8}},"47":{"start":{"line":165,"column":6},"end":{"line":165,"column":26}},"48":{"start":{"line":166,"column":6},"end":{"line":166,"column":89}},"49":{"start":{"line":168,"column":6},"end":{"line":168,"column":28}},"50":{"start":{"line":169,"column":6},"end":{"line":169,"column":18}},"51":{"start":{"line":171,"column":6},"end":{"line":171,"column":21}},"52":{"start":{"line":176,"column":22},"end":{"line":176,"column":58}},"53":{"start":{"line":178,"column":4},"end":{"line":178,"column":63}},"54":{"start":{"line":178,"column":20},"end":{"line":178,"column":63}},"55":{"start":{"line":179,"column":4},"end":{"line":179,"column":110}},"56":{"start":{"line":179,"column":44},"end":{"line":179,"column":110}},"57":{"start":{"line":180,"column":4},"end":{"line":180,"column":94}},"58":{"start":{"line":180,"column":45},"end":{"line":180,"column":94}},"59":{"start":{"line":182,"column":4},"end":{"line":185,"column":6}},"60":{"start":{"line":187,"column":4},"end":{"line":187,"column":79}},"61":{"start":{"line":192,"column":21},"end":{"line":195,"column":5}},"62":{"start":{"line":197,"column":4},"end":{"line":197,"column":76}},"63":{"start":{"line":197,"column":35},"end":{"line":197,"column":76}},"64":{"start":{"line":198,"column":4},"end":{"line":198,"column":24}},"65":{"start":{"line":202,"column":19},"end":{"line":216,"column":27}},"66":{"start":{"line":218,"column":4},"end":{"line":218,"column":39}},"67":{"start":{"line":218,"column":27},"end":{"line":218,"column":39}},"68":{"start":{"line":220,"column":4},"end":{"line":220,"column":19}},"69":{"start":{"line":226,"column":19},"end":{"line":233,"column":17}},"70":{"start":{"line":235,"column":4},"end":{"line":235,"column":39}},"71":{"start":{"line":235,"column":27},"end":{"line":235,"column":39}},"72":{"start":{"line":237,"column":4},"end":{"line":237,"column":19}},"73":{"start":{"line":241,"column":17},"end":{"line":280,"column":15}},"74":{"start":{"line":282,"column":2},"end":{"line":282,"column":14}},"75":{"start":{"line":288,"column":0},"end":{"line":288,"column":29}}},"fnMap":{"0":{"name":"(anonymous_0)","decl":{"start":{"line":5,"column":2},"end":{"line":5,"column":3}},"loc":{"start":{"line":5,"column":29},"end":{"line":31,"column":3}},"line":5},"1":{"name":"(anonymous_1)","decl":{"start":{"line":33,"column":2},"end":{"line":33,"column":3}},"loc":{"start":{"line":33,"column":29},"end":{"line":69,"column":3}},"line":33},"2":{"name":"(anonymous_2)","decl":{"start":{"line":71,"column":2},"end":{"line":71,"column":3}},"loc":{"start":{"line":71,"column":53},"end":{"line":84,"column":3}},"line":71},"3":{"name":"(anonymous_3)","decl":{"start":{"line":88,"column":2},"end":{"line":88,"column":3}},"loc":{"start":{"line":88,"column":34},"end":{"line":94,"column":3}},"line":88},"4":{"name":"(anonymous_4)","decl":{"start":{"line":96,"column":2},"end":{"line":96,"column":3}},"loc":{"start":{"line":96,"column":38},"end":{"line":102,"column":3}},"line":96},"5":{"name":"(anonymous_5)","decl":{"start":{"line":104,"column":2},"end":{"line":104,"column":3}},"loc":{"start":{"line":104,"column":29},"end":{"line":173,"column":3}},"line":104},"6":{"name":"(anonymous_6)","decl":{"start":{"line":175,"column":2},"end":{"line":175,"column":3}},"loc":{"start":{"line":175,"column":38},"end":{"line":188,"column":3}},"line":175},"7":{"name":"(anonymous_7)","decl":{"start":{"line":191,"column":2},"end":{"line":191,"column":3}},"loc":{"start":{"line":191,"column":44},"end":{"line":199,"column":3}},"line":191},"8":{"name":"(anonymous_8)","decl":{"start":{"line":201,"column":2},"end":{"line":201,"column":3}},"loc":{"start":{"line":201,"column":54},"end":{"line":221,"column":3}},"line":201},"9":{"name":"(anonymous_9)","decl":{"start":{"line":225,"column":2},"end":{"line":225,"column":3}},"loc":{"start":{"line":225,"column":40},"end":{"line":238,"column":3}},"line":225},"10":{"name":"(anonymous_10)","decl":{"start":{"line":240,"column":2},"end":{"line":240,"column":3}},"loc":{"start":{"line":240,"column":44},"end":{"line":283,"column":1}},"line":240}},"branchMap":{"0":{"loc":{"start":{"line":79,"column":4},"end":{"line":81,"column":5}},"type":"if","locations":[{"start":{"line":79,"column":4},"end":{"line":81,"column":5}},{"start":{},"end":{}}],"line":79},"1":{"loc":{"start":{"line":114,"column":6},"end":{"line":114,"column":75}},"type":"if","locations":[{"start":{"line":114,"column":6},"end":{"line":114,"column":75}},{"start":{},"end":{}}],"line":114},"2":{"loc":{"start":{"line":118,"column":6},"end":{"line":118,"column":94}},"type":"if","locations":[{"start":{"line":118,"column":6},"end":{"line":118,"column":94}},{"start":{},"end":{}}],"line":118},"3":{"loc":{"start":{"line":119,"column":6},"end":{"line":119,"column":96}},"type":"if","locations":[{"start":{"line":119,"column":6},"end":{"line":119,"column":96}},{"start":{},"end":{}}],"line":119},"4":{"loc":{"start":{"line":129,"column":6},"end":{"line":129,"column":87}},"type":"if","locations":[{"start":{"line":129,"column":6},"end":{"line":129,"column":87}},{"start":{},"end":{}}],"line":129},"5":{"loc":{"start":{"line":147,"column":6},"end":{"line":159,"column":7}},"type":"if","locations":[{"start":{"line":147,"column":6},"end":{"line":159,"column":7}},{"start":{},"end":{}}],"line":147},"6":{"loc":{"start":{"line":178,"column":4},"end":{"line":178,"column":63}},"type":"if","locations":[{"start":{"line":178,"column":4},"end":{"line":178,"column":63}},{"start":{},"end":{}}],"line":178},"7":{"loc":{"start":{"line":179,"column":4},"end":{"line":179,"column":110}},"type":"if","locations":[{"start":{"line":179,"column":4},"end":{"line":179,"column":110}},{"start":{},"end":{}}],"line":179},"8":{"loc":{"start":{"line":180,"column":4},"end":{"line":180,"column":94}},"type":"if","locations":[{"start":{"line":180,"column":4},"end":{"line":180,"column":94}},{"start":{},"end":{}}],"line":180},"9":{"loc":{"start":{"line":197,"column":4},"end":{"line":197,"column":76}},"type":"if","locations":[{"start":{"line":197,"column":4},"end":{"line":197,"column":76}},{"start":{},"end":{}}],"line":197},"10":{"loc":{"start":{"line":218,"column":4},"end":{"line":218,"column":39}},"type":"if","locations":[{"start":{"line":218,"column":4},"end":{"line":218,"column":39}},{"start":{},"end":{}}],"line":218},"11":{"loc":{"start":{"line":235,"column":4},"end":{"line":235,"column":39}},"type":"if","locations":[{"start":{"line":235,"column":4},"end":{"line":235,"column":39}},{"start":{},"end":{}}],"line":235}},"s":{"0":2,"1":2,"2":0,"3":0,"4":0,"5":0,"6":0,"7":0,"8":0,"9":0,"10":0,"11":0,"12":0,"13":0,"14":0,"15":0,"16":0,"17":0,"18":0,"19":0,"20":0,"21":0,"22":0,"23":0,"24":0,"25":0,"26":0,"27":0,"28":0,"29":0,"30":0,"31":0,"32":0,"33":0,"34":0,"35":0,"36":0,"37":0,"38":0,"39":0,"40":0,"41":0,"42":0,"43":0,"44":0,"45":0,"46":0,"47":0,"48":0,"49":0,"50":0,"51":0,"52":0,"53":0,"54":0,"55":0,"56":0,"57":0,"58":0,"59":0,"60":0,"61":0,"62":0,"63":0,"64":0,"65":0,"66":0,"67":0,"68":0,"69":0,"70":0,"71":0,"72":0,"73":0,"74":0,"75":2},"f":{"0":0,"1":0,"2":0,"3":0,"4":0,"5":0,"6":0,"7":0,"8":0,"9":0,"10":0},"b":{"0":[0,0],"1":[0,0],"2":[0,0],"3":[0,0],"4":[0,0],"5":[0,0],"6":[0,0],"7":[0,0],"8":[0,0],"9":[0,0],"10":[0,0],"11":[0,0]},"_coverageSchema":"1a1c01bbd47fc00a2c39e90264f33305004495a9","hash":"502e7a8736d0cd13f029c24c4088c017b59df021"}
,"/var/www/rescatevial/backend/src/models/mysql/tallerMongoModel.js": {"path":"/var/www/rescatevial/backend/src/models/mysql/tallerMongoModel.js","statementMap":{"0":{"start":{"line":1,"column":15},"end":{"line":1,"column":44}},"1":{"start":{"line":2,"column":21},"end":{"line":2,"column":39}},"2":{"start":{"line":3,"column":13},"end":{"line":3,"column":39}},"3":{"start":{"line":5,"column":35},"end":{"line":23,"column":1}},"4":{"start":{"line":6,"column":13},"end":{"line":6,"column":44}},"5":{"start":{"line":7,"column":21},"end":{"line":7,"column":49}},"6":{"start":{"line":9,"column":22},"end":{"line":20,"column":14}},"7":{"start":{"line":22,"column":2},"end":{"line":22,"column":21}},"8":{"start":{"line":26,"column":31},"end":{"line":48,"column":1}},"9":{"start":{"line":27,"column":13},"end":{"line":27,"column":44}},"10":{"start":{"line":28,"column":21},"end":{"line":28,"column":49}},"11":{"start":{"line":30,"column":17},"end":{"line":41,"column":3}},"12":{"start":{"line":43,"column":2},"end":{"line":45,"column":3}},"13":{"start":{"line":44,"column":4},"end":{"line":44,"column":47}},"14":{"start":{"line":47,"column":2},"end":{"line":47,"column":16}},"15":{"start":{"line":50,"column":37},"end":{"line":75,"column":1}},"16":{"start":{"line":51,"column":13},"end":{"line":51,"column":44}},"17":{"start":{"line":53,"column":17},"end":{"line":53,"column":57}},"18":{"start":{"line":54,"column":2},"end":{"line":56,"column":3}},"19":{"start":{"line":55,"column":4},"end":{"line":55,"column":43}},"20":{"start":{"line":58,"column":2},"end":{"line":74,"column":4}},"21":{"start":{"line":77,"column":35},"end":{"line":97,"column":1}},"22":{"start":{"line":78,"column":13},"end":{"line":78,"column":44}},"23":{"start":{"line":80,"column":2},"end":{"line":96,"column":4}},"24":{"start":{"line":99,"column":33},"end":{"line":110,"column":1}},"25":{"start":{"line":100,"column":13},"end":{"line":100,"column":44}},"26":{"start":{"line":101,"column":2},"end":{"line":109,"column":4}},"27":{"start":{"line":112,"column":26},"end":{"line":119,"column":1}},"28":{"start":{"line":113,"column":13},"end":{"line":113,"column":44}},"29":{"start":{"line":114,"column":14},"end":{"line":117,"column":3}},"30":{"start":{"line":118,"column":2},"end":{"line":118,"column":51}},"31":{"start":{"line":129,"column":28},"end":{"line":177,"column":1}},"32":{"start":{"line":130,"column":18},"end":{"line":130,"column":49}},"33":{"start":{"line":132,"column":16},"end":{"line":134,"column":27}},"34":{"start":{"line":136,"column":2},"end":{"line":148,"column":4}},"35":{"start":{"line":150,"column":14},"end":{"line":158,"column":3}},"36":{"start":{"line":160,"column":2},"end":{"line":176,"column":3}},"37":{"start":{"line":161,"column":4},"end":{"line":169,"column":6}},"38":{"start":{"line":171,"column":26},"end":{"line":173,"column":6}},"39":{"start":{"line":175,"column":4},"end":{"line":175,"column":55}},"40":{"start":{"line":182,"column":2},"end":{"line":184,"column":3}},"41":{"start":{"line":183,"column":4},"end":{"line":183,"column":63}},"42":{"start":{"line":186,"column":15},"end":{"line":186,"column":41}},"43":{"start":{"line":188,"column":2},"end":{"line":322,"column":3}},"44":{"start":{"line":189,"column":4},"end":{"line":189,"column":34}},"45":{"start":{"line":191,"column":22},"end":{"line":191,"column":40}},"46":{"start":{"line":192,"column":19},"end":{"line":192,"column":30}},"47":{"start":{"line":193,"column":22},"end":{"line":193,"column":36}},"48":{"start":{"line":194,"column":25},"end":{"line":194,"column":38}},"49":{"start":{"line":196,"column":4},"end":{"line":198,"column":5}},"50":{"start":{"line":197,"column":6},"end":{"line":197,"column":64}},"51":{"start":{"line":201,"column":33},"end":{"line":204,"column":5}},"52":{"start":{"line":206,"column":4},"end":{"line":209,"column":5}},"53":{"start":{"line":207,"column":6},"end":{"line":207,"column":28}},"54":{"start":{"line":208,"column":6},"end":{"line":208,"column":13}},"55":{"start":{"line":213,"column":25},"end":{"line":219,"column":5}},"56":{"start":{"line":221,"column":4},"end":{"line":223,"column":5}},"57":{"start":{"line":222,"column":6},"end":{"line":222,"column":92}},"58":{"start":{"line":225,"column":25},"end":{"line":225,"column":52}},"59":{"start":{"line":227,"column":28},"end":{"line":227,"column":32}},"60":{"start":{"line":230,"column":4},"end":{"line":253,"column":5}},"61":{"start":{"line":231,"column":19},"end":{"line":250,"column":7}},"62":{"start":{"line":252,"column":6},"end":{"line":252,"column":38}},"63":{"start":{"line":256,"column":4},"end":{"line":277,"column":5}},"64":{"start":{"line":257,"column":6},"end":{"line":276,"column":8}},"65":{"start":{"line":279,"column":19},"end":{"line":279,"column":61}},"66":{"start":{"line":281,"column":6},"end":{"line":283,"column":14}},"67":{"start":{"line":285,"column":4},"end":{"line":314,"column":6}},"68":{"start":{"line":316,"column":4},"end":{"line":316,"column":24}},"69":{"start":{"line":318,"column":4},"end":{"line":318,"column":26}},"70":{"start":{"line":319,"column":4},"end":{"line":319,"column":16}},"71":{"start":{"line":321,"column":4},"end":{"line":321,"column":19}},"72":{"start":{"line":325,"column":0},"end":{"line":334,"column":2}}},"fnMap":{"0":{"name":"(anonymous_0)","decl":{"start":{"line":5,"column":35},"end":{"line":5,"column":36}},"loc":{"start":{"line":5,"column":64},"end":{"line":23,"column":1}},"line":5},"1":{"name":"(anonymous_1)","decl":{"start":{"line":26,"column":31},"end":{"line":26,"column":32}},"loc":{"start":{"line":26,"column":78},"end":{"line":48,"column":1}},"line":26},"2":{"name":"(anonymous_2)","decl":{"start":{"line":50,"column":37},"end":{"line":50,"column":38}},"loc":{"start":{"line":50,"column":58},"end":{"line":75,"column":1}},"line":50},"3":{"name":"(anonymous_3)","decl":{"start":{"line":77,"column":35},"end":{"line":77,"
[...]
start":{"line":57,"column":6},"end":{"line":57,"column":37}},"16":{"start":{"line":59,"column":6},"end":{"line":61,"column":7}},"17":{"start":{"line":60,"column":8},"end":{"line":60,"column":59}},"18":{"start":{"line":63,"column":20},"end":{"line":71,"column":7}},"19":{"start":{"line":73,"column":32},"end":{"line":73,"column":98}},"20":{"start":{"line":75,"column":6},"end":{"line":75,"column":46}},"21":{"start":{"line":77,"column":6},"end":{"line":87,"column":7}},"22":{"start":{"line":78,"column":8},"end":{"line":82,"column":11}},"23":{"start":{"line":84,"column":8},"end":{"line":84,"column":55}},"24":{"start":{"line":86,"column":8},"end":{"line":86,"column":55}},"25":{"start":{"line":89,"column":6},"end":{"line":89,"column":26}},"26":{"start":{"line":92,"column":4},"end":{"line":102,"column":5}},"27":{"start":{"line":93,"column":21},"end":{"line":93,"column":75}},"28":{"start":{"line":95,"column":6},"end":{"line":99,"column":9}},"29":{"start":{"line":101,"column":6},"end":{"line":101,"column":26}},"30":{"start":{"line":104,"column":4},"end":{"line":104,"column":68}},"31":{"start":{"line":114,"column":4},"end":{"line":118,"column":5}},"32":{"start":{"line":115,"column":6},"end":{"line":115,"column":73}},"33":{"start":{"line":117,"column":6},"end":{"line":117,"column":51}},"34":{"start":{"line":120,"column":4},"end":{"line":122,"column":5}},"35":{"start":{"line":121,"column":6},"end":{"line":121,"column":41}},"36":{"start":{"line":124,"column":23},"end":{"line":124,"column":30}},"37":{"start":{"line":127,"column":27},"end":{"line":127,"column":58}},"38":{"start":{"line":130,"column":4},"end":{"line":130,"column":60}},"39":{"start":{"line":132,"column":4},"end":{"line":132,"column":24}},"40":{"start":{"line":141,"column":22},"end":{"line":141,"column":71}},"41":{"start":{"line":143,"column":4},"end":{"line":145,"column":5}},"42":{"start":{"line":144,"column":6},"end":{"line":144,"column":65}},"43":{"start":{"line":147,"column":34},"end":{"line":147,"column":43}},"44":{"start":{"line":149,"column":29},"end":{"line":152,"column":5}},"45":{"start":{"line":154,"column":33},"end":{"line":154,"column":35}},"46":{"start":{"line":156,"column":4},"end":{"line":171,"column":5}},"47":{"start":{"line":157,"column":31},"end":{"line":160,"column":7}},"48":{"start":{"line":162,"column":6},"end":{"line":170,"column":9}},"49":{"start":{"line":173,"column":4},"end":{"line":176,"column":6}},"50":{"start":{"line":182,"column":4},"end":{"line":186,"column":7}},"51":{"start":{"line":190,"column":4},"end":{"line":194,"column":7}},"52":{"start":{"line":198,"column":4},"end":{"line":198,"column":74}},"53":{"start":{"line":202,"column":4},"end":{"line":202,"column":72}},"54":{"start":{"line":206,"column":4},"end":{"line":206,"column":75}},"55":{"start":{"line":210,"column":4},"end":{"line":210,"column":65}},"56":{"start":{"line":214,"column":4},"end":{"line":214,"column":75}},"57":{"start":{"line":218,"column":4},"end":{"line":218,"column":100}},"58":{"start":{"line":222,"column":2},"end":{"line":222,"column":63}},"59":{"start":{"line":227,"column":0},"end":{"line":227,"column":31}}},"fnMap":{"0":{"name":"(anonymous_0)","decl":{"start":{"line":12,"column":2},"end":{"line":12,"column":3}},"loc":{"start":{"line":12,"column":29},"end":{"line":14,"column":3}},"line":12},"1":{"name":"(anonymous_1)","decl":{"start":{"line":19,"column":2},"end":{"line":19,"column":3}},"loc":{"start":{"line":19,"column":29},"end":{"line":44,"column":3}},"line":19},"2":{"name":"(anonymous_2)","decl":{"start":{"line":49,"column":2},"end":{"line":49,"column":3}},"loc":{"start":{"line":49,"column":60},"end":{"line":105,"column":3}},"line":49},"3":{"name":"(anonymous_3)","decl":{"start":{"line":110,"column":2},"end":{"line":110,"column":3}},"loc":{"start":{"line":110,"column":49},"end":{"line":133,"column":3}},"line":110},"4":{"name":"(anonymous_4)","decl":{"start":{"line":140,"column":2},"end":{"line":140,"column":3}},"loc":{"start":{"line":140,"column":44},"end":{"line":177,"column":3}},"line":140},"5":{"name":"(anonymous_5)","decl":{"start":{"line":181,"column":2},"end":{"line":181,"column":3}},"loc":{"start":{"line":181,"column":53},"end":{"line":187,"column":3}},"line":181},"6":{"name":"(anonymous_6)","decl":{"start":{"line":189,"column":2},"end":{"line":189,"column":3}},"loc":{"start":{"line":189,"column":43},"end":{"line":195,"column":3}},"line":189},"7":{"name":"(anonymous_7)","decl":{"start":{"line":197,"column":2},"end":{"line":197,"column":3}},"loc":{"start":{"line":197,"column":42},"end":{"line":199,"column":3}},"line":197},"8":{"name":"(anonymous_8)","decl":{"start":{"line":201,"column":2},"end":{"line":201,"column":3}},"loc":{"start":{"line":201,"column":38},"end":{"line":203,"column":3}},"line":201},"9":{"name":"(anonymous_9)","decl":{"start":{"line":205,"column":2},"end":{"line":205,"column":3}},"loc":{"start":{"line":205,"column":60},"end":{"line":207,"column":3}},"line":205},"10":{"name":"(anonymous_10)","decl":{"start":{"line":209,"column":2},"end":{"line":209,"column":3}},"loc":{"start":{"line":209,"column":39},"end":{"line":211,"column":3}},"line":209},"11":{"name":"(anonymous_11)","decl":{"start":{"line":213,"column":2},"end":{"line":213,"column":3}},"loc":{"start":{"line":213,"column":43},"end":{"line":215,"column":3}},"line":213},"12":{"name":"(anonymous_12)","decl":{"start":{"line":217,"column":2},"end":{"line":217,"column":3}},"loc":{"start":{"line":217,"column":71},"end":{"line":219,"column":3}},"line":217},"13":{"name":"(anonymous_13)","decl":{"start":{"line":221,"column":2},"end":{"line":221,"column":3}},"loc":{"start":{"line":221,"column":44},"end":{"line":223,"column":1}},"line":221}},"branchMap":{"0":{"loc":{"start":{"line":22,"column":15},"end":{"line":22,"column":35}},"type":"binary-expr","locations":[{"start":{"line":22,"column":15},"end":{"line":22,"column":27}},{"start":{"line":22,"column":31},"end":{"line":22,"column":35}}],"line":22},"1":{"loc":{"start":{"line":23,"column":16},"end":{"line":23,"column":37}},"type":"binary-expr","locations":[{"start":{"line":23,"column":16},"end":{"line":23,"column":29}},{"start":{"line":23,"column":33},"end":{"line":23,"column":37}}],"line":23},"2":{"loc":{"start":{"line":25,"column":25},"end":{"line":25,"column":52}},"type":"binary-expr","locations":[{"start":{"line":25,"column":25},"end":{"line":25,"column":47}},{"start":{"line":25,"column":51},"end":{"line":25,"column":52}}],"line":25},"3":{"loc":{"start":{"line":26,"column":13},"end":{"line":26,"column":31}},"type":"binary-expr","locations":[{"start":{"line":26,"column":13},"end":{"line":26,"column":23}},{"start":{"line":26,"column":27},"end":{"line":26,"column":31}}],"line":26},"4":{"loc":{"start":{"line":27,"column":13},"end":{"line":27,"column":31}},"type":"binary-expr","locations":[{"start":{"line":27,"column":13},"end":{"line":27,"column":23}},{"start":{"line":27,"column":27},"end":{"line":27,"column":31}}],"line":27},"5":{"loc":{"start":{"line":28,"column":14},"end":{"line":28,"column":33}},"type":"binary-expr","locations":[{"start":{"line":28,"column":14},"end":{"line":28,"column":25}},{"start":{"line":28,"column":29},"end":{"line":28,"column":33}}],"line":28},"6":{"loc":{"start":{"line":29,"column":14},"end":{"line":29,"column":33}},"type":"binary-expr","locations":[{"start":{"line":29,"column":14},"end":{"line":29,"column":25}},{"start":{"line":29,"column":29},"end":{"line":29,"column":33}}],"line":29},"7":{"loc":{"start":{"line":30,"column":10},"end":{"line":30,"column":25}},"type":"binary-expr","locations":[{"start":{"line":30,"column":10},"end":{"line":30,"column":17}},{"start":{"line":30,"column":21},"end":{"line":30,"column":25}}],"line":30},"8":{"loc":{"start":{"line":31,"column":15},"end":{"line":31,"column":35}},"type":"binary-expr","locations":[{"start":{"line":31,"column":15},"end":{"line":31,"column":27}},{"start":{"line":31,"column":31},"end":{"line":31,"column":35}}],"line":31},"9":{"loc":{"start":{"line":32,"column":17},"end":{"line":32,"column":39}},"type":"binary-expr","locations":[{"start":{"line":32,"column":17},"end":{"line":32,"column":31}},{"start":{"line":32,"column":35},"end":{"line":32,"column":39}}],"line":32},"10":{"loc":{"start":{"line":33,"column":14},"end":{"line":33,"column":33}},"type":"binary-expr","locations":[{"start":{"line":33,"column":14},"end":{"line":33,"column":25}},{"start":{"line":33,"column":29},"end":{"line":33,"column":33}}],"line":33},"11":{"loc":{"start":{"line":49,"column":38},"end":{"line":49,"column":58}},"type":"default-arg","locations":[{"start":{"line":49,"column":54},"end":{"line":49,"column":58}}],"line":49},"12":{"loc":{"start":{"line":54,"column":4},"end":{"line":90,"column":5}},"type":"if","locations":[{"start":{"line":54,"column":4},"end":{"line":90,"column":5}},{"start":{},"end":{}}],"line":54},"13":{"loc":{"start":{"line":59,"column":6},"end":{"line":61,"column":7}},"type":"if","locations":[{"start":{"line":59,"column":6},"end":{"line":61,"column":7}},{"start":{},"end":{}}],"line":59},"14":{"loc":{"start":{"line":59,"column":10},"end":{"line":59,"column":35}},"type":"binary-expr","locations":[{"start":{"line":59,"column":10},"end":{"line":59,"column":17}},{"start":{"line":59,"column":21},"end":{"line":59,"column":35}}],"line":59},"15":{"loc":{"start":{"line":92,"column":4},"end":{"line":102,"column":5}},"type":"if","locations":[{"start":{"line":92,"column":4},"end":{"line":102,"column":5}},{"start":{},"end":{}}],"line":92},"16":{"loc":{"start":{"line":120,"column":4},"end":{"line":122,"column":5}},"type":"if","locations":[{"start":{"line":120,"column":4},"end":{"line":122,"column":5}},{"start":{},"end":{}}],"line":120},"17":{"loc":{"start":{"line":143,"column":4},"end":{"line":145,"column":5}},"type":"if","locations":[{"start":{"line":143,"column":4},"end":{"line":145,"column":5}},{"start":{},"end":{}}],"line":143},"18":{"loc":{"start":{"line":164,"column":24},"end":{"line":164,"column":64}},"type":"binary-expr","locations":[{"start":{"line":164,"column":24},"end":{"line":164,"column":51}},{"start":{"line":164,"column":55},"end":{"line":164,"column":64}}],"line":164},"19":{"loc":{"start":{"line":165,"column":27},"end":{"line":165,"column":65}},"type":"binary-expr","locations":[{"start":{"line":165,"column":27},"end":{"line":165,"column":59}},{"start":{"line":165,"column":63},"end":{"line":165,"column":65}}],"line":165},"20":{"loc":{"start":{"line":166,"column":27},"end":{"line":166,"column":65}},"type":"binary-expr","locations":[{"start":{"line":166,"column":27},"end":{"line":166,"column":59}},{"start":{"line":166,"column":63},"end":{"line":166,"column":65}}],"line":166},"21":{"loc":{"start":{"line":167,"column":23},"end":{"line":167,"column":60}},"type":"binary-expr","locations":[{"start":{"line":167,"column":23},"end":{"line":167,"column":54}},{"start":{"line":167,"column":58},"end":{"line":167,"column":60}}],"line":167},"22":{"loc":{"start":{"line":168,"column":23},"end":{"line":168,"column":60}},"type":"binary-expr","locations":[{"start":{"line":168,"column":23},"end":{"line":168,"column":54}},{"start":{"line":168,"column":58},"end":{"line":168,"column":60}}],"line":168},"23":{"loc":{"start":{"line":169,"column":22},"end":{"line":169,"column":58}},"type":"binary-expr","locations":[{"start":{"line":169,"column":22},"end":{"line":169,"column":52}},{"start":{"line":169,"column":56},"end":{"line":169,"column":58}}],"line":169}},"s":{"0":2,"1":2,"2":2,"3":2,"4":2,"5":2,"6":0,"7":0,"8":0,"9":0,"10":0,"11":0,"12":0,"13":0,"14":0,"15":0,"16":0,"17":0,"18":0,"19":0,"20":0,"21":0,"22":0,"23":0,"24":0,"25":0,"26":0,"27":0,"28":0,"29":0,"30":0,"31":0,"32":0,"33":0,"34":0,"35":0,"36":0,"37":0,"38":0,"39":0,"40":0,"41":0,"42":0,"43":0,"44":0,"45":0,"46":0,"47":0,"48":0,"49":0,"50":0,"51":0,"52":0,"53":0,"54":0,"55":0,"56":0,"57":0,"58":0,"59":2},"f":{"0":0,"1":0,"2":0,"3":0,"4":0,"5":0,"6":0,"7":0,"8":0,"9":0,"10":0,"11":0,"12":0,"13":0},"b":{"0":[0,0],"1":[0,0],"2":[0,0],"3":[0,0],"4":[0,0],"5":[0,0],"6":[0,0],"7":[0,0],"8":[0,0],"9":[0,0],"10":[0,0],"11":[0],"12":[0,0],"13":[0,0],"14":[0,0],"15":[0,0],"16":[0,0],"17":[0,0],"18":[0,0],"19":[0,0],"20":[0,0],"21":[0,0],"22":[0,0],"23":[0,0]},"_coverageSchema":"1a1c01bbd47fc00a2c39e90264f33305004495a9","hash":"00324f99dfc5a7b6e62b72b05a58adde5319701c"}
,"/var/www/rescatevial/backend/src/services/userService.js": {"path":"/var/www/rescatevial/backend/src/services/userService.js","statementMap":{"0":{"start":{"line":1,"column":18},"end":{"line":1,"column":54}},"1":{"start":{"line":2,"column":23},"end":{"line":2,"column":67}},"2":{"start":{"line":3,"column":25},"end":{"line":3,"column":68}},"3":{"start":{"line":5,"column":15},"end":{"line":7,"column":1}},"4":{"start":{"line":6,"column":2},"end":{"line":6,"column":48}},"5":{"start":{"line":9,"column":20},"end":{"line":11,"column":1}},"6":{"start":{"line":10,"column":2},"end":{"line":10,"column":52}},"7":{"start":{"line":13,"column":19},"end":{"line":15,"column":1}},"8":{"start":{"line":14,"column":2},"end":{"line":14,"column":48}},"9":{"start":{"line":17,"column":26},"end":{"line":19,"column":1}},"10":{"start":{"line":18,"column":2},"end":{"line":18,"column":60}},"11":{"start":{"line":21,"column":25},"end":{"line":23,"column":1}},"12":{"start":{"line":22,"column":2},"end":{"line":22,"column":79}},"13":{"start":{"line":25,"column":26},"end":{"line":27,"column":1}},"14":{"start":{"line":26,"column":2},"end":{"line":26,"column":74}},"15":{"start":{"line":29,"column":25},"end":{"line":64,"column":1}},"16":{"start":{"line":31,"column":20},"end":{"line":31,"column":74}},"17":{"start":{"line":32,"column":2},"end":{"line":32,"column":30}},"18":{"start":{"line":32,"column":18},"end":{"line":32,"column":30}},"19":{"start":{"line":34,"column":19},"end":{"line":41,"column":3}},"20":{"start":{"line":44,"column":2},"end":{"line":61,"column":3}},"21":{"start":{"line":49,"column":19},"end":{"line":49,"column":73}},"22":{"start":{"line":50,"column":4},"end":{"line":60,"column":5}},"23":{"start":{"line":51,"column":6},"end":{"line":59,"column":8}},"24":{"start":{"line":63,"column":2},"end":{"line":63,"column":18}},"25":{"start":{"line":66,"column":26},"end":{"line":68,"column":1}},"26":{"start":{"line":67,"column":2},"end":{"line":67,"column":61}},"27":{"start":{"line":70,"column":22},"end":{"line":72,"column":1}},"28":{"start":{"line":71,"column":2},"end":{"line":71,"column":74}},"29":{"start":{"line":74,"column":18},"end":{"line":76,"column":1}},"30":{"start":{"line":75,"column":2},"end":{"line":75,"column":105}},"31":{"start":{"line":78,"column":29},"end":{"line":80,"column":1}},"32":{"start":{"line":79,"column":2},"end":{"line":79,"column":55}},"33":{"start":{"line":85,"column":37},"end":{"line":124,"column":1}},"34":{"start":{"line":86,"column":19},"end":{"line":86,"column":77}},"35":{"start":{"line":88,"column":2},"end":{"line":90,"column":3}},"36":{"start":{"line":89,"column":4},"end":{"line":89,"column":56}},"37":{"start":{"line":92,"column":23},"end":{"line":92,"column":86}},"38":{"start":{"line":93,"column":25},"end":{"line":93,"column":53}},"39":{"start":{"line":95,"column":2},"end":{"line":97,"column":3}},"40":{"start":{"line":96,"column":4},"end":{"line":96,"column":75}},"41":{"start":{"line":99,"column":22},"end":{"line":99,"column":51}},"42":{"start":{"line":101,"column":17},"end":{"line":110,"column":4}},"43":{"start":{"line":112,"column":2},"end":{"line":123,"column":4}},"44":{"start":{"line":128,"column":0},"end":{"line":141,"column":2}}},"fnMap":{"0":{"name":"(anonymous_0)","decl":{"start":{"line":5,"column":15},"end":{"line":5,"column":16}},"loc":{"start":{"line":5,"column":34},"end":{"line":7,"column":1}},"line":5},"1":{"name":"(anonymous_1)","decl":{"start":{"line":9,"column":20},"end":{"line":9,"column":21}},"loc":{"start":{"line":9,"column":39},"end":{"line":11,"column":1}},"line":9},"2":{"name":"(anonymous_2)","decl":{"start":{"line":13,"column":19},"end":{"line":13,"column":20}},"loc":{"start":{"line":13,"column":41},"end":{"line":15,"column":1}},"line":13},"3":{"name":"(anonymous_3)","decl":{"start":{"line":17,"column":26},"end":{"line":17,"column":27}},"loc":{"start":{"line":17,"column":42},"end":{"line":19,"column":1}},"line":17},"4":{"name":"(anonymous_4)","decl":{"start":{"line":21,"column":25},"end":{"line":21,"column":26}},"loc":{"start":{"line":21,"column":48},"end":{"line":23,"column":1}},"line":21},"5":{"name":"(anonymous_5)","decl":{"start":{"line":25,"column":26},"end":{"line":25,"column":27}},"loc":{"start":{"line":25,"column":57},"end":{"line":27,"column":1}},"line":25},"6":{"name":"(anonymous_6)","decl":{"start":{"line":29,"column":25},"end":{"line":29,"column":26}},"loc":{"start":{"line":29,"column":44},"end":{"line":64,"column":1}},"line":29},"7":{"name":"(anonymous_7)","decl":{"start":{"line":66,"column":26},"end":{"line":66,"column":27}},"loc":{"start":{"line":66,"column":49},"end":{"line":68,"column":1}},"line":66},"8":{"name":"(anonymous_8)","decl":{"start":{"line":70,"column":22},"end":{"line":70,"column":23}},"loc":{"start":{"line":70,"column":53},"end":{"line":72,"column":1}},"line":70},"9":{"name":"(anonymous_9)","decl":{"start":{"line":74,"column":18},"end":{"line":74,"column":19}},"loc":{"start":{"line":74,"column":81},"end":{"line":76,"column":1}},"line":74},"10":{"name":"(anonymous_10)","decl":{"start":{"line":78,"column":29},"end":{"line":78,"column":30}},"loc":{"start":{"line":78,"column":48},"end":{"line":80,"column":1}},"line":78},"11":{"name":"(anonymous_11)","decl":{"start":{"line":85,"column":37},"end":{"line":85,"column":38}},"loc":{"start":{"line":85,"column":89},"end":{"line":124,"column":1}},"line":85}},"branchMap":{"0":{"loc":{"start":{"line":32,"column":2},"end":{"line":32,"column":30}},"type":"if","locations":[{"start":{"line":32,"column":2},"end":{"line":32,"column":30}},{"start":{},"end":{}}],"line":32},"1":{"loc":{"start":{"line":44,"column":2},"end":{"line":61,"column":3}},"type":"if","locations":[{"start":{"line":44,"column":2},"end":{"line":61,"column":3}},{"start":{},"end":{}}],"line":44},"2":{"loc":{"start":{"line":45,"column":4},"end":{"line":47,"column":23}},"type":"binary-expr","locations":[{"start":{"line":45,"column":4},"end":{"line":46,"column":33}},{"start":{"line":47,"column":4},"end":{"line":47,"column":23}}],"line":45},"3":{"loc":{"start":{"line":50,"column":4},"end":{"line":60,"column":5}},"type":"if","locations":[{"start":{"line":50,"column":4},"end":{"line":60,"column":5}},{"start":{},"end":{}}],"line":50},"4":{"loc":{"start":{"line":88,"column":2},"end":{"line":90,"column":3}},"type":"if","locations":[{"start":{"line":88,"column":2},"end":{"line":90,"column":3}},{"start":{},"end":{}}],"line":88},"5":{"loc":{"start":{"line":92,"column":30},"end":{"line":92,"column":85}},"type":"binary-expr","locations":[{"start":{"line":92,"column":30},"end":{"line":92,"column":52}},{"start":{"line":92,"column":56},"end":{"line":92,"column":80}},{"start":{"line":92,"column":84},"end":{"line":92,"column":85}}],"line":92},"6":{"loc":{"start":{"line":93,"column":32},"end":{"line":93,"column":52}},"type":"binary-expr","locations":[{"start":{"line":93,"column":32},"end":{"line":93,"column":47}},{"start":{"line":93,"column":51},"end":{"line":93,"column":52}}],"line":93},"7":{"loc":{"start":{"line":95,"column":2},"end":{"line":97,"column":3}},"type":"if","locations":[{"start":{"line":95,"column":2},"end":{"line":97,"column":3}},{"start":{},"end":{}}],"line":95}},"s":{"0":2,"1":2,"2":2,"3":2,"4":0,"5":2,"6":0,"7":2,"8":0,"9":2,"10":0,"11":2,"12":0,"13":2,"14":0,"15":2,"16":0,"17":0,"18":0,"19":0,"20":0,"21":0,"22":0,"23":0,"24":0,"25":2,"26":0,"27":2,"28":0,"29":2,"30":0,"31":2,"32":0,"33":2,"34":0,"35":0,"36":0,"37":0,"38":0,"39":0,"40":0,"41":0,"42":0,"43":0,"44":2},"f":{"0":0,"1":0,"2":0,"3":0,"4":0,"5":0,"6":0,"7":0,"8":0,"9":0,"10":0,"11":0},"b":{"0":[0,0],"1":[0,0],"2":[0,0],"3":[0,0],"4":[0,0],"5":[0,0,0],"6":[0,0],"7":[0,0]},"_coverageSchema":"1a1c01bbd47fc00a2c39e90264f33305004495a9","hash":"b81689d7a9643699e2724e1f6c8a5a3a020652ac"}
}
