TN:
SF:src/app.js
FN:16,(anonymous_0)
FN:28,(anonymous_1)
FN:32,(anonymous_2)
FNF:3
FNH:0
FNDA:0,(anonymous_0)
FNDA:0,(anonymous_1)
FNDA:0,(anonymous_2)
DA:1,2
DA:2,2
DA:3,2
DA:4,2
DA:6,2
DA:7,2
DA:12,2
DA:13,2
DA:15,2
DA:16,2
DA:17,0
DA:20,2
DA:21,2
DA:22,2
DA:23,2
DA:24,2
DA:25,2
DA:28,2
DA:29,0
DA:32,2
DA:33,0
DA:34,0
DA:37,2
LF:23
LH:19
BRF:0
BRH:0
end_of_record
TN:
SF:src/config/db.js
FN:15,testConnection
FNF:1
FNH:1
FNDA:2,testConnection
DA:1,2
DA:3,2
DA:16,2
DA:17,2
DA:18,0
DA:19,0
DA:21,2
DA:25,2
DA:27,2
LF:9
LH:7
BRF:0
BRH:0
end_of_record
TN:
SF:src/config/mongo.js
FN:15,connectMongo
FNF:1
FNH:1
FNDA:3,connectMongo
DA:1,3
DA:2,3
DA:4,3
DA:6,3
DA:16,3
DA:17,3
DA:18,0
DA:19,0
DA:21,0
DA:26,3
DA:29,3
LF:11
LH:8
BRF:0
BRH:0
end_of_record
TN:
SF:src/config/keys/keys.js
FNF:0
FNH:0
DA:1,3
DA:2,3
DA:5,3
DA:6,3
DA:9,3
DA:10,3
DA:13,3
LF:7
LH:7
BRF:0
BRH:0
end_of_record
TN:
SF:src/controllers/UserController.js
FN:5,(anonymous_0)
FN:37,(anonymous_1)
FN:52,(anonymous_2)
FN:72,(anonymous_3)
FN:94,(anonymous_4)
FN:109,(anonymous_5)
FN:128,(anonymous_6)
FN:156,(anonymous_7)
FN:182,(anonymous_8)
FN:225,(anonymous_9)
FN:254,(anonymous_10)
FN:306,(anonymous_11)
FN:317,(anonymous_12)
FN:328,(anonymous_13)
FN:339,(anonymous_14)
FN:352,(anonymous_15)
FN:378,(anonymous_16)
FNF:17
FNH:2
FNDA:0,(anonymous_0)
FNDA:0,(anonymous_1)
FNDA:3,(anonymous_2)
FNDA:0,(anonymous_3)
FNDA:0,(anonymous_4)
FNDA:0,(anonymous_5)
FNDA:0,(anonymous_6)
FNDA:0,(anonymous_7)
FNDA:0,(anonymous_8)
FNDA:0,(anonymous_9)
FNDA:0,(anonymous_10)
FNDA:0,(anonymous_11)
FNDA:0,(anonymous_12)
FNDA:0,(anonymous_13)
FNDA:0,(anonymous_14)
FNDA:0,(anonymous_15)
FNDA:2,(anonymous_16)
DA:1,2
DA:2,2
DA:3,2
DA:5,2
DA:6,0
DA:15,0
DA:17,0
DA:18,0
DA:21,0
DA:31,0
DA:33,0
DA:37,2
DA:38,0
DA:39,0
DA:41,0
DA:42,0
DA:45,0
DA:46,0
DA:48,0
DA:52,2
DA:53,3
DA:54,3
DA:56,3
DA:57,1
DA:60,2
DA:62,2
DA:63,1
DA:66,1
DA:68,0
DA:72,2
DA:73,0
DA:74,0
DA:76,0
DA:77,0
DA:80,0
DA:88,0
DA:90,0
DA:94,2
DA:95,0
DA:96,0
DA:98,0
DA:99,0
DA:102,0
DA:103,0
DA:105,0
DA:109,2
DA:110,0
DA:111,0
DA:113,0
DA:114,0
DA:117,0
DA:118,0
DA:121,0
DA:122,0
DA:124,0
DA:128,2
DA:129,0
DA:130,0
DA:132,0
DA:133,0
DA:136,0
DA:138,0
DA:139,0
DA:142,0
DA:144,0
DA:156,2
DA:157,0
DA:158,0
DA:174,0
DA:176,0
DA:177,0
DA:182,2
DA:183,0
DA:184,0
DA:189,0
DA:195,0
DA:201,0
DA:206,0
DA:216,0
DA:217,0
DA:225,2
DA:226,0
DA:227,0
DA:243,0
DA:245,0
DA:246,0
DA:254,2
DA:255,0
DA:256,0
DA:261,0
DA:267,0
DA:276,0
DA:287,0
DA:297,0
DA:298,0
DA:306,2
DA:307,0
DA:308,0
DA:309,0
DA:310,0
DA:311,0
DA:313,0
DA:317,2
DA:318,0
DA:319,0
DA:320,0
DA:321,0
DA:322,0
DA:324,0
DA:328,2
DA:329,0
DA:330,0
DA:331,0
DA:332,0
DA:333,0
DA:335,0
DA:339,2
DA:340,0
DA:341,0
DA:342,0
DA:343,0
DA:344,0
DA:346,0
DA:352,2
DA:353,0
DA:354,0
DA:356,0
DA:357,0
DA:360,0
DA:362,0
DA:368,0
DA:369,0
DA:378,2
DA:379,2
DA:380,2
DA:382,2
DA:383,1
DA:389,1
DA:395,1
DA:400,0
DA:401,0
DA:411,2
LF:142
LH:35
BRDA:17,0,0,0
BRDA:17,0,1,0
BRDA:17,1,0,0
BRDA:17,1,1,0
BRDA:17,1,2,0
BRDA:17,1,3,0
BRDA:17,1,4,0
BRDA:17,1,5,0
BRDA:28,2,0,0
BRDA:28,2,1,0
BRDA:41,3,0,0
BRDA:41,3,1,0
BRDA:56,4,0,1
BRDA:56,4,1,2
BRDA:62,5,0,1
BRDA:62,5,1,1
BRDA:76,6,0,0
BRDA:76,6,1,0
BRDA:76,7,0,0
BRDA:76,7,1,0
BRDA:76,7,2,0
BRDA:76,7,3,0
BRDA:82,8,0,0
BRDA:82,8,1,0
BRDA:84,9,0,0
BRDA:84,9,1,0
BRDA:98,10,0,0
BRDA:98,10,1,0
BRDA:113,11,0,0
BRDA:113,11,1,0
BRDA:113,12,0,0
BRDA:113,12,1,0
BRDA:117,13,0,0
BRDA:117,13,1,0
BRDA:132,14,0,0
BRDA:132,14,1,0
BRDA:138,15,0,0
BRDA:138,15,1,0
BRDA:209,16,0,0
BRDA:209,16,1,0
BRDA:210,17,0,0
BRDA:210,17,1,0
BRDA:211,18,0,0
BRDA:211,18,1,0
BRDA:212,19,0,0
BRDA:212,19,1,0
BRDA:290,20,0,0
BRDA:290,20,1,0
BRDA:291,21,0,0
BRDA:291,21,1,0
BRDA:292,22,0,0
BRDA:292,22,1,0
BRDA:293,23,0,0
BRDA:293,23,1,0
BRDA:310,24,0,0
BRDA:310,24,1,0
BRDA:320,25,0,0
BRDA:320,25,1,0
BRDA:331,26,0,0
BRDA:331,26,1,0
BRDA:342,27,0,0
BRDA:342,27,1,0
BRDA:342,28,0,0
BRDA:342,28,1,0
BRDA:356,29,0,0
BRDA:356,29,1,0
BRDA:382,30,0,1
BRDA:382,30,1,1
BRDA:382,31,0,2
BRDA:382,31,1,2
BRDA:382,31,2,2
BRF:71
BRH:9
end_of_record
TN:
SF:src/controllers/authController.js
FN:4,(anonymous_0)
FN:19,(anonymous_1)
FNF:2
FNH:2
FNDA:2,(anonymous_0)
FNDA:2,(anonymous_1)
DA:1,2
DA:2,2
DA:4,2
DA:5,2
DA:6,2
DA:8,1
DA:13,1
DA:19,2
DA:20,2
DA:23,2
DA:25,2
DA:26,2
DA:29,1
DA:35,1
DA:45,1
DA:52,1
DA:60,2
LF:17
LH:17
BRDA:23,0,0,2
BRDA:23,0,1,2
BRDA:23,0,2,0
BRDA:46,1,0,1
BRDA:46,1,1,0
BRF:5
BRH:3
end_of_record
TN:
SF:src/controllers/configController.js
FN:3,(anonymous_0)
FN:20,(anonymous_1)
FNF:2
FNH:0
FNDA:0,(anonymous_0)
FNDA:0,(anonymous_1)
DA:1,2
DA:3,2
DA:4,0
DA:5,0
DA:7,0
DA:12,0
DA:13,0
DA:20,2
DA:21,0
DA:22,0
DA:24,0
DA:30,0
DA:31,0
DA:38,2
LF:14
LH:4
BRF:0
BRH:0
end_of_record
TN:
SF:src/controllers/providersController.js
FN:3,(anonymous_0)
FN:12,(anonymous_1)
FN:24,(anonymous_2)
FN:32,(anonymous_3)
FN:41,(anonymous_4)
FNF:5
FNH:0
FNDA:0,(anonymous_0)
FNDA:0,(anonymous_1)
FNDA:0,(anonymous_2)
FNDA:0,(anonymous_3)
FNDA:0,(anonymous_4)
DA:1,2
DA:3,2
DA:4,0
DA:5,0
DA:6,0
DA:8,0
DA:12,2
DA:13,0
DA:14,0
DA:15,0
DA:16,0
DA:18,0
DA:24,2
DA:25,0
DA:26,0
DA:27,0
DA:29,0
DA:32,2
DA:33,0
DA:34,0
DA:35,0
DA:37,0
DA:41,2
DA:42,0
DA:43,0
DA:44,0
DA:46,0
DA:55,2
LF:28
LH:7
BRF:0
BRH:0
end_of_record
TN:
SF:src/controllers/tallerController.js
FN:4,(anonymous_0)
FN:36,(anonymous_1)
FN:46,(anonymous_2)
FN:70,(anonymous_3)
FN:97,(anonymous_4)
FN:126,(anonymous_5)
FN:143,(anonymous_6)
FN:160,(anonymous_7)
FN:181,(anonymous_8)
FN:202,(anonymous_9)
FN:215,(anonymous_10)
FN:226,(anonymous_11)
FN:248,(anonymous_12)
FN:259,(anonymous_13)
FN:270,(anonymous_14)
FN:281,(anonymous_15)
FNF:16
FNH:0
FNDA:0,(anonymous_0)
FNDA:0,(anonymous_1)
FNDA:0,(anonymous_2)
FNDA:0,(anonymous_3)
FNDA:0,(anonymous_4)
FNDA:0,(anonymous_5)
FNDA:0,(anonymous_6)
FNDA:0,(anonymous_7)
FNDA:0,(anonymous_8)
FNDA:0,(anonymous_9)
FNDA:0,(anonymous_10)
FNDA:0,(anonymous_11)
FNDA:0,(anonymous_12)
FNDA:0,(anonymous_13)
FNDA:0,(anonymous_14)
FNDA:0,(anonymous_15)
DA:1,2
DA:3,2
DA:5,0
DA:6,0
DA:22,0
DA:28,0
DA:29,0
DA:37,0
DA:38,0
DA:39,0
DA:41,0
DA:42,0
DA:47,0
DA:48,0
DA:49,0
DA:51,0
DA:52,0
DA:55,0
DA:57,0
DA:62,0
DA:63,0
DA:71,0
DA:72,0
DA:74,0
DA:75,0
DA:81,0
DA:83,0
DA:88,0
DA:89,0
DA:98,0
DA:99,0
DA:101,0
DA:102,0
DA:107,0
DA:109,0
DA:116,0
DA:117,0
DA:127,0
DA:128,0
DA:130,0
DA:131,0
DA:134,0
DA:136,0
DA:138,0
DA:139,0
DA:144,0
DA:145,0
DA:147,0
DA:148,0
DA:151,0
DA:153,0
DA:155,0
DA:156,0
DA:161,0
DA:162,0
DA:163,0
DA:165,0
DA:166,0
DA:169,0
DA:176,0
DA:177,0
DA:182,0
DA:183,0
DA:185,0
DA:187,0
DA:188,0
DA:191,0
DA:197,0
DA:203,0
DA:204,0
DA:205,0
DA:206,0
DA:208,0
DA:209,0
DA:211,0
DA:216,0
DA:217,0
DA:218,0
DA:219,0
DA:220,0
DA:222,0
DA:227,0
DA:228,0
DA:230,0
DA:231,0
DA:234,0
DA:236,0
DA:242,0
DA:243,0
DA:249,0
DA:250,0
DA:251,0
DA:252,0
DA:253,0
DA:255,0
DA:260,0
DA:261,0
DA:262,0
DA:263,0
DA:264,0
DA:266,0
DA:271,0
DA:272,0
DA:273,0
DA:274,0
DA:275,0
DA:277,0
DA:282,0
DA:283,0
DA:285,0
DA:286,0
DA:289,0
DA:291,0
DA:297,0
DA:298,0
DA:309,2
LF:116
LH:3
BRDA:8,0,0,0
BRDA:8,0,1,0
BRDA:9,1,0,0
BRDA:9,1,1,0
BRDA:11,2,0,0
BRDA:11,2,1,0
BRDA:12,3,0,0
BRDA:12,3,1,0
BRDA:13,4,0,0
BRDA:13,4,1,0
BRDA:14,5,0,0
BRDA:14,5,1,0
BRDA:15,6,0,0
BRDA:15,6,1,0
BRDA:16,7,0,0
BRDA:16,7,1,0
BRDA:17,8,0,0
BRDA:17,8,1,0
BRDA:18,9,0,0
BRDA:18,9,1,0
BRDA:19,10,0,0
BRDA:19,10,1,0
BRDA:31,11,0,0
BRDA:31,11,1,0
BRDA:51,12,0,0
BRDA:51,12,1,0
BRDA:65,13,0,0
BRDA:65,13,1,0
BRDA:74,14,0,0
BRDA:74,14,1,0
BRDA:74,15,0,0
BRDA:74,15,1,0
BRDA:91,16,0,0
BRDA:91,16,1,0
BRDA:101,17,0,0
BRDA:101,17,1,0
BRDA:130,18,0,0
BRDA:130,18,1,0
BRDA:130,19,0,0
BRDA:130,19,1,0
BRDA:147,20,0,0
BRDA:147,20,1,0
BRDA:165,21,0,0
BRDA:165,21,1,0
BRDA:187,22,0,0
BRDA:187,22,1,0
BRDA:205,23,0,0
BRDA:205,23,1,0
BRDA:205,24,0,0
BRDA:205,24,1,0
BRDA:205,24,2,0
BRDA:219,25,0,0
BRDA:219,25,1,0
BRDA:230,26,0,0
BRDA:230,26,1,0
BRDA:251,27,0,0
BRDA:251,27,1,0
BRDA:262,28,0,0
BRDA:262,28,1,0
BRDA:273,29,0,0
BRDA:273,29,1,0
BRDA:273,30,0,0
BRDA:273,30,1,0
BRDA:285,31,0,0
BRDA:285,31,1,0
BRF:65
BRH:0
end_of_record
TN:
SF:src/middlewares/rateLimiter.js
FN:14,(anonymous_0)
FN:28,(anonymous_1)
FNF:2
FNH:2
FNDA:2,(anonymous_0)
FNDA:5,(anonymous_1)
DA:1,2
DA:4,2
DA:15,2
DA:20,2
DA:29,5
DA:33,2
LF:6
LH:6
BRDA:15,0,0,2
BRDA:15,0,1,2
BRDA:29,1,0,5
BRDA:29,1,1,5
BRF:4
BRH:4
end_of_record
TN:
SF:src/middlewares/usersMiddlewares.js
FN:4,(anonymous_0)
FNF:1
FNH:0
FNDA:0,(anonymous_0)
DA:1,1
DA:2,1
DA:4,1
DA:6,0
DA:7,0
DA:9,0
DA:10,0
DA:13,0
DA:15,0
DA:18,0
DA:20,0
DA:22,0
DA:26,1
LF:13
LH:4
BRDA:7,0,0,0
BRDA:7,0,1,0
BRDA:9,1,0,0
BRDA:9,1,1,0
BRF:4
BRH:0
end_of_record
TN:
SF:src/models/mysql/authModel.js
FN:3,(anonymous_0)
FN:11,(anonymous_1)
FN:28,(anonymous_2)
FN:39,(anonymous_3)
FNF:4
FNH:0
FNDA:0,(anonymous_0)
FNDA:0,(anonymous_1)
FNDA:0,(anonymous_2)
FNDA:0,(anonymous_3)
DA:1,2
DA:3,2
DA:4,0
DA:8,0
DA:11,2
DA:12,0
DA:25,0
DA:28,2
DA:29,0
DA:36,0
DA:39,2
DA:40,0
LF:12
LH:5
BRDA:47,0,0,0
BRDA:47,0,1,0
BRF:2
BRH:0
end_of_record
TN:
SF:src/models/mysql/providerModel.js
FN:3,(anonymous_0)
FN:8,(anonymous_1)
FN:16,(anonymous_2)
FNF:3
FNH:0
FNDA:0,(anonymous_0)
FNDA:0,(anonymous_1)
FNDA:0,(anonymous_2)
DA:1,2
DA:3,2
DA:4,0
DA:5,0
DA:8,2
DA:9,0
DA:13,0
DA:16,2
DA:17,0
DA:35,0
LF:10
LH:4
BRF:0
BRH:0
end_of_record
TN:
SF:src/models/mysql/tallerModel.js
FN:5,(anonymous_0)
FN:33,(anonymous_1)
FN:71,(anonymous_2)
FN:88,(anonymous_3)
FN:96,(anonymous_4)
FN:104,(anonymous_5)
FN:175,(anonymous_6)
FN:191,(anonymous_7)
FN:201,(anonymous_8)
FN:225,(anonymous_9)
FN:240,(anonymous_10)
FNF:11
FNH:0
FNDA:0,(anonymous_0)
FNDA:0,(anonymous_1)
FNDA:0,(anonymous_2)
FNDA:0,(anonymous_3)
FNDA:0,(anonymous_4)
FNDA:0,(anonymous_5)
FNDA:0,(anonymous_6)
FNDA:0,(anonymous_7)
FNDA:0,(anonymous_8)
FNDA:0,(anonymous_9)
FNDA:0,(anonymous_10)
DA:1,2
DA:3,2
DA:6,0
DA:30,0
DA:38,0
DA:40,0
DA:42,0
DA:43,0
DA:45,0
DA:52,0
DA:54,0
DA:61,0
DA:62,0
DA:64,0
DA:65,0
DA:67,0
DA:72,0
DA:79,0
DA:80,0
DA:83,0
DA:89,0
DA:93,0
DA:97,0
DA:101,0
DA:105,0
DA:107,0
DA:108,0
DA:110,0
DA:114,0
DA:116,0
DA:118,0
DA:119,0
DA:121,0
DA:124,0
DA:126,0
DA:129,0
DA:131,0
DA:137,0
DA:139,0
DA:145,0
DA:147,0
DA:148,0
DA:161,0
DA:165,0
DA:166,0
DA:168,0
DA:169,0
DA:171,0
DA:176,0
DA:178,0
DA:179,0
DA:180,0
DA:182,0
DA:187,0
DA:192,0
DA:197,0
DA:198,0
DA:202,0
DA:218,0
DA:220,0
DA:226,0
DA:235,0
DA:237,0
DA:241,0
DA:282,0
DA:288,2
LF:66
LH:3
BRDA:79,0,0,0
BRDA:79,0,1,0
BRDA:114,1,0,0
BRDA:114,1,1,0
BRDA:118,2,0,0
BRDA:118,2,1,0
BRDA:119,3,0,0
BRDA:119,3,1,0
BRDA:129,4,0,0
BRDA:129,4,1,0
BRDA:147,5,0,0
BRDA:147,5,1,0
BRDA:178,6,0,0
BRDA:178,6,1,0
BRDA:179,7,0,0
BRDA:179,7,1,0
BRDA:180,8,0,0
BRDA:180,8,1,0
BRDA:197,9,0,0
BRDA:197,9,1,0
BRDA:218,10,0,0
BRDA:218,10,1,0
BRDA:235,11,0,0
BRDA:235,11,1,0
BRF:24
BRH:0
end_of_record
TN:
SF:src/models/mysql/tallerMongoModel.js
FN:5,(anonymous_0)
FN:26,(anonymous_1)
FN:50,(anonymous_2)
FN:77,(anonymous_3)
FN:99,(anonymous_4)
FN:112,(anonymous_5)
FN:129,(anonymous_6)
FN:181,moverServicioCalificadoAMySQL
FNF:8
FNH:0
FNDA:0,(anonymous_0)
FNDA:0,(anonymous_1)
FNDA:0,(anonymous_2)
FNDA:0,(anonymous_3)
FNDA:0,(anonymous_4)
FNDA:0,(anonymous_5)
FNDA:0,(anonymous_6)
FNDA:0,moverServicioCalificadoAMySQL
DA:1,3
DA:2,3
DA:3,3
DA:5,3
DA:6,0
DA:7,0
DA:9,0
DA:22,0
DA:26,3
DA:27,0
DA:28,0
DA:30,0
DA:43,0
DA:44,0
DA:47,0
DA:50,3
DA:51,0
DA:53,0
DA:54,0
DA:55,0
DA:58,0
DA:77,3
DA:78,0
DA:80,0
DA:99,3
DA:100,0
DA:101,0
DA:112,3
DA:113,0
DA:114,0
DA:118,0
DA:129,3
DA:130,0
DA:132,0
DA:136,0
DA:150,0
DA:160,0
DA:161,0
DA:171,0
DA:175,0
DA:182,0
DA:183,0
DA:186,0
DA:188,0
DA:189,0
DA:191,0
DA:192,0
DA:193,0
DA:194,0
DA:196,0
DA:197,0
DA:201,0
DA:206,0
DA:207,0
DA:208,0
DA:213,0
DA:221,0
DA:222,0
DA:225,0
DA:227,0
DA:230,0
DA:231,0
DA:252,0
DA:256,0
DA:257,0
DA:279,0
DA:281,0
DA:285,0
DA:316,0
DA:318,0
DA:319,0
DA:321,0
DA:325,3
LF:73
LH:11
BRDA:26,0,0,0
BRDA:43,1,0,0
BRDA:43,1,1,0
BRDA:54,2,0,0
BRDA:54,2,1,0
BRDA:118,3,0,0
BRDA:118,3,1,0
BRDA:132,4,0,0
BRDA:132,4,1,0
BRDA:160,5,0,0
BRDA:160,5,1,0
BRDA:160,6,0,0
BRDA:160,6,1,0
BRDA:182,7,0,0
BRDA:182,7,1,0
BRDA:196,8,0,0
BRDA:196,8,1,0
BRDA:196,9,0,0
BRDA:196,9,1,0
BRDA:196,9,2,0
BRDA:196,9,3,0
BRDA:206,10,0,0
BRDA:206,10,1,0
BRDA:221,11,0,0
BRDA:221,11,1,0
BRDA:230,12,0,0
BRDA:230,12,1,0
BRDA:247,13,0,0
BRDA:247,13,1,0
BRDA:256,14,0,0
BRDA:256,14,1,0
BRDA:273,15,0,0
BRDA:273,15,1,0
BRDA:279,16,0,0
BRDA:279,16,1,0
BRDA:281,17,0,0
BRDA:281,17,1,0
BRDA:281,18,0,0
BRDA:281,18,1,0
BRDA:306,19,0,0
BRDA:306,19,1,0
BRDA:308,20,0,0
BRDA:308,20,1,0
BRDA:309,21,0,0
BRDA:309,21,1,0
BRF:45
BRH:0
end_of_record
TN:
SF:src/models/mysql/userModel.js
FN:3,(anonymous_0)
FN:29,(anonymous_1)
FN:41,(anonymous_2)
FN:59,(anonymous_3)
FN:79,(anonymous_4)
FN:123,(anonymous_5)
FN:151,(anonymous_6)
FN:161,(anonymous_7)
FN:163,(anonymous_8)
FN:201,(anonymous_9)
FN:207,(anonymous_10)
FNF:11
FNH:0
FNDA:0,(anonymous_0)
FNDA:0,(anonymous_1)
FNDA:0,(anonymous_2)
FNDA:0,(anonymous_3)
FNDA:0,(anonymous_4)
FNDA:0,(anonymous_5)
FNDA:0,(anonymous_6)
FNDA:0,(anonymous_7)
FNDA:0,(anonymous_8)
FNDA:0,(anonymous_9)
FNDA:0,(anonymous_10)
DA:1,2
DA:3,2
DA:12,0
DA:26,0
DA:29,2
DA:30,0
DA:38,0
DA:41,2
DA:42,0
DA:56,0
DA:59,2
DA:60,0
DA:75,0
DA:79,2
DA:80,0
DA:119,0
DA:123,2
DA:124,0
DA:147,0
DA:148,0
DA:151,2
DA:161,0
DA:163,0
DA:164,0
DA:165,0
DA:166,0
DA:169,0
DA:170,0
DA:172,0
DA:175,0
DA:176,0
DA:177,0
DA:178,0
DA:181,0
DA:182,0
DA:183,0
DA:184,0
DA:185,0
DA:188,0
DA:189,0
DA:190,0
DA:191,0
DA:192,0
DA:195,0
DA:196,0
DA:197,0
DA:198,0
DA:199,0
DA:201,0
DA:202,0
DA:203,0
DA:204,0
DA:207,0
DA:208,0
DA:209,0
DA:210,0
DA:211,0
DA:214,0
LF:58
LH:8
BRDA:56,0,0,0
BRDA:56,0,1,0
BRDA:75,1,0,0
BRDA:75,1,1,0
BRDA:147,2,0,0
BRDA:147,2,1,0
BRDA:164,3,0,0
BRDA:164,3,1,0
BRDA:170,4,0,0
BRDA:170,4,1,0
BRDA:172,5,0,0
BRDA:172,5,1,0
BRDA:176,6,0,0
BRDA:176,6,1,0
BRDA:177,7,0,0
BRDA:177,7,1,0
BRDA:178,8,0,0
BRDA:178,8,1,0
BRDA:202,9,0,0
BRDA:202,9,1,0
BRDA:203,10,0,0
BRDA:203,10,1,0
BRDA:209,11,0,0
BRDA:209,11,1,0
BRDA:210,12,0,0
BRDA:210,12,1,0
BRF:26
BRH:0
end_of_record
TN:
SF:src/models/mysql/userMongoModel.js
FN:5,(anonymous_0)
FN:7,(anonymous_1)
FN:23,(anonymous_2)
FN:30,(anonymous_3)
FN:51,(anonymous_4)
FNF:5
FNH:0
FNDA:0,(anonymous_0)
FNDA:0,(anonymous_1)
FNDA:0,(anonymous_2)
FNDA:0,(anonymous_3)
FNDA:0,(anonymous_4)
DA:1,3
DA:2,3
DA:3,3
DA:5,3
DA:7,3
DA:8,0
DA:20,0
DA:23,3
DA:24,0
DA:30,3
DA:31,0
DA:51,3
DA:52,0
DA:53,0
DA:57,0
DA:62,3
LF:16
LH:9
BRDA:57,0,0,0
BRDA:57,0,1,0
BRF:2
BRH:0
end_of_record
TN:
SF:src/routes/authRoutes.js
FNF:0
FNH:0
DA:1,2
DA:2,2
DA:3,2
DA:4,2
DA:6,2
DA:7,2
DA:9,2
LF:7
LH:7
BRF:0
BRH:0
end_of_record
TN:
SF:src/routes/configRoutes.js
FNF:0
FNH:0
DA:1,2
DA:2,2
DA:3,2
DA:5,2
DA:6,2
DA:8,2
LF:6
LH:6
BRF:0
BRH:0
end_of_record
TN:
SF:src/routes/keysRoutes.js
FN:5,(anonymous_0)
FNF:1
FNH:0
FNDA:0,(anonymous_0)
DA:1,2
DA:2,2
DA:3,2
DA:5,2
DA:6,0
DA:9,2
LF:6
LH:5
BRF:0
BRH:0
end_of_record
TN:
SF:src/routes/providersRoutes.js
FNF:0
FNH:0
DA:1,2
DA:2,2
DA:3,2
DA:5,2
DA:6,2
DA:7,2
DA:13,2
LF:7
LH:7
BRF:0
BRH:0
end_of_record
TN:
SF:src/routes/tallerRoutes.js
FNF:0
FNH:0
DA:1,2
DA:2,2
DA:3,2
DA:6,2
DA:7,2
DA:8,2
DA:9,2
DA:12,2
DA:13,2
DA:14,2
DA:15,2
DA:16,2
DA:18,2
DA:19,2
DA:20,2
DA:21,2
DA:24,2
DA:28,2
DA:29,2
DA:34,2
LF:20
LH:20
BRF:0
BRH:0
end_of_record
TN:
SF:src/routes/userRoutes.js
FN:9,(anonymous_0)
FNF:1
FNH:0
FNDA:0,(anonymous_0)
DA:1,2
DA:2,2
DA:3,2
DA:4,2
DA:5,2
DA:7,2
DA:9,2
DA:10,0
DA:13,2
DA:15,2
DA:16,2
DA:17,2
DA:18,2
DA:19,2
DA:20,2
DA:21,2
DA:22,2
DA:23,2
DA:24,2
DA:25,2
DA:27,2
DA:28,2
DA:29,2
DA:32,2
DA:35,2
DA:38,2
DA:42,2
LF:27
LH:26
BRF:0
BRH:0
end_of_record
TN:
SF:src/services/authService.js
FN:7,(anonymous_0)
FN:29,(anonymous_1)
FNF:2
FNH:0
FNDA:0,(anonymous_0)
FNDA:0,(anonymous_1)
DA:1,2
DA:2,2
DA:3,2
DA:4,2
DA:7,2
DA:8,0
DA:10,0
DA:11,0
DA:12,0
DA:15,0
DA:17,0
DA:25,0
DA:29,2
DA:30,0
DA:32,0
DA:33,0
DA:34,0
DA:37,0
DA:38,0
DA:41,0
DA:42,0
DA:43,0
DA:46,0
DA:59,0
DA:76,2
LF:25
LH:7
BRDA:11,0,0,0
BRDA:11,0,1,0
BRDA:33,1,0,0
BRDA:33,1,1,0
BRDA:37,2,0,0
BRDA:37,2,1,0
BRDA:42,3,0,0
BRDA:42,3,1,0
BRDA:63,4,0,0
BRDA:63,4,1,0
BRDA:64,5,0,0
BRDA:64,5,1,0
BRDA:65,6,0,0
BRDA:65,6,1,0
BRDA:66,7,0,0
BRDA:66,7,1,0
BRDA:68,8,0,0
BRDA:68,8,1,0
BRDA:69,9,0,0
BRDA:69,9,1,0
BRF:20
BRH:0
end_of_record
TN:
SF:src/services/configService.js
FN:3,(anonymous_0)
FN:30,(anonymous_1)
FNF:2
FNH:0
FNDA:0,(anonymous_0)
FNDA:0,(anonymous_1)
DA:1,2
DA:3,2
DA:4,0
DA:23,0
DA:24,0
DA:27,0
DA:30,2
DA:31,0
DA:60,0
DA:63,2
LF:10
LH:4
BRDA:23,0,0,0
BRDA:23,0,1,0
BRDA:57,1,0,0
BRDA:57,1,1,0
BRF:4
BRH:0
end_of_record
TN:
SF:src/services/mailServices.js
FN:12,(anonymous_0)
FN:21,(anonymous_1)
FN:31,(anonymous_2)
FN:41,(anonymous_3)
FNF:4
FNH:0
FNDA:0,(anonymous_0)
FNDA:0,(anonymous_1)
FNDA:0,(anonymous_2)
FNDA:0,(anonymous_3)
DA:1,2
DA:2,2
DA:4,2
DA:12,2
DA:13,0
DA:21,2
DA:22,0
DA:24,0
DA:31,2
DA:32,0
DA:34,0
DA:41,2
DA:42,0
DA:44,0
DA:51,2
LF:15
LH:8
BRF:0
BRH:0
end_of_record
TN:
SF:src/services/mailTemplates.js
FN:1,(anonymous_0)
FN:13,(anonymous_1)
FN:25,(anonymous_2)
FNF:3
FNH:0
FNDA:0,(anonymous_0)
FNDA:0,(anonymous_1)
FNDA:0,(anonymous_2)
DA:1,2
DA:2,0
DA:13,2
DA:14,0
DA:25,2
DA:26,0
DA:44,2
LF:7
LH:4
BRDA:19,0,0,0
BRDA:19,0,1,0
BRF:2
BRH:0
end_of_record
TN:
SF:src/services/providerService.js
FN:5,(anonymous_0)
FN:9,(anonymous_1)
FN:15,(anonymous_2)
FN:19,(anonymous_3)
FN:21,(anonymous_4)
FN:25,(anonymous_5)
FN:28,(anonymous_6)
FNF:7
FNH:0
FNDA:0,(anonymous_0)
FNDA:0,(anonymous_1)
FNDA:0,(anonymous_2)
FNDA:0,(anonymous_3)
FNDA:0,(anonymous_4)
FNDA:0,(anonymous_5)
FNDA:0,(anonymous_6)
DA:1,2
DA:2,2
DA:3,2
DA:5,2
DA:6,0
DA:9,2
DA:10,0
DA:15,2
DA:16,0
DA:19,0
DA:21,2
DA:22,0
DA:25,0
DA:28,2
DA:29,0
DA:33,2
LF:16
LH:9
BRF:0
BRH:0
end_of_record
TN:
SF:src/services/tallerService.js
FN:12,(anonymous_0)
FN:19,(anonymous_1)
FN:49,(anonymous_2)
FN:110,(anonymous_3)
FN:140,(anonymous_4)
FN:181,(anonymous_5)
FN:189,(anonymous_6)
FN:197,(anonymous_7)
FN:201,(anonymous_8)
FN:205,(anonymous_9)
FN:209,(anonymous_10)
FN:213,(anonymous_11)
FN:217,(anonymous_12)
FN:221,(anonymous_13)
FNF:14
FNH:0
FNDA:0,(anonymous_0)
FNDA:0,(anonymous_1)
FNDA:0,(anonymous_2)
FNDA:0,(anonymous_3)
FNDA:0,(anonymous_4)
FNDA:0,(anonymous_5)
FNDA:0,(anonymous_6)
FNDA:0,(anonymous_7)
FNDA:0,(anonymous_8)
FNDA:0,(anonymous_9)
FNDA:0,(anonymous_10)
FNDA:0,(anonymous_11)
FNDA:0,(anonymous_12)
FNDA:0,(anonymous_13)
DA:1,2
DA:2,2
DA:3,2
DA:4,2
DA:5,2
DA:7,2
DA:13,0
DA:20,0
DA:36,0
DA:38,0
DA:43,0
DA:51,0
DA:52,0
DA:54,0
DA:56,0
DA:57,0
DA:59,0
DA:60,0
DA:63,0
DA:73,0
DA:75,0
DA:77,0
DA:78,0
DA:84,0
DA:86,0
DA:89,0
DA:92,0
DA:93,0
DA:95,0
DA:101,0
DA:104,0
DA:114,0
DA:115,0
DA:117,0
DA:120,0
DA:121,0
DA:124,0
DA:127,0
DA:130,0
DA:132,0
DA:141,0
DA:143,0
DA:144,0
DA:147,0
DA:149,0
DA:154,0
DA:156,0
DA:157,0
DA:162,0
DA:173,0
DA:182,0
DA:190,0
DA:198,0
DA:202,0
DA:206,0
DA:210,0
DA:214,0
DA:218,0
DA:222,0
DA:227,2
LF:60
LH:7
BRDA:22,0,0,0
BRDA:22,0,1,0
BRDA:23,1,0,0
BRDA:23,1,1,0
BRDA:25,2,0,0
BRDA:25,2,1,0
BRDA:26,3,0,0
BRDA:26,3,1,0
BRDA:27,4,0,0
BRDA:27,4,1,0
BRDA:28,5,0,0
BRDA:28,5,1,0
BRDA:29,6,0,0
BRDA:29,6,1,0
BRDA:30,7,0,0
BRDA:30,7,1,0
BRDA:31,8,0,0
BRDA:31,8,1,0
BRDA:32,9,0,0
BRDA:32,9,1,0
BRDA:33,10,0,0
BRDA:33,10,1,0
BRDA:49,11,0,0
BRDA:54,12,0,0
BRDA:54,12,1,0
BRDA:59,13,0,0
BRDA:59,13,1,0
BRDA:59,14,0,0
BRDA:59,14,1,0
BRDA:92,15,0,0
BRDA:92,15,1,0
BRDA:120,16,0,0
BRDA:120,16,1,0
BRDA:143,17,0,0
BRDA:143,17,1,0
BRDA:164,18,0,0
BRDA:164,18,1,0
BRDA:165,19,0,0
BRDA:165,19,1,0
BRDA:166,20,0,0
BRDA:166,20,1,0
BRDA:167,21,0,0
BRDA:167,21,1,0
BRDA:168,22,0,0
BRDA:168,22,1,0
BRDA:169,23,0,0
BRDA:169,23,1,0
BRF:47
BRH:0
end_of_record
TN:
SF:src/services/userService.js
FN:5,(anonymous_0)
FN:9,(anonymous_1)
FN:13,(anonymous_2)
FN:17,(anonymous_3)
FN:21,(anonymous_4)
FN:25,(anonymous_5)
FN:29,(anonymous_6)
FN:66,(anonymous_7)
FN:70,(anonymous_8)
FN:74,(anonymous_9)
FN:78,(anonymous_10)
FN:85,(anonymous_11)
FNF:12
FNH:0
FNDA:0,(anonymous_0)
FNDA:0,(anonymous_1)
FNDA:0,(anonymous_2)
FNDA:0,(anonymous_3)
FNDA:0,(anonymous_4)
FNDA:0,(anonymous_5)
FNDA:0,(anonymous_6)
FNDA:0,(anonymous_7)
FNDA:0,(anonymous_8)
FNDA:0,(anonymous_9)
FNDA:0,(anonymous_10)
FNDA:0,(anonymous_11)
DA:1,2
DA:2,2
DA:3,2
DA:5,2
DA:6,0
DA:9,2
DA:10,0
DA:13,2
DA:14,0
DA:17,2
DA:18,0
DA:21,2
DA:22,0
DA:25,2
DA:26,0
DA:29,2
DA:31,0
DA:32,0
DA:34,0
DA:44,0
DA:49,0
DA:50,0
DA:51,0
DA:63,0
DA:66,2
DA:67,0
DA:70,2
DA:71,0
DA:74,2
DA:75,0
DA:78,2
DA:79,0
DA:85,2
DA:86,0
DA:88,0
DA:89,0
DA:92,0
DA:93,0
DA:95,0
DA:96,0
DA:99,0
DA:101,0
DA:112,0
DA:128,2
LF:44
LH:16
BRDA:32,0,0,0
BRDA:32,0,1,0
BRDA:44,1,0,0
BRDA:44,1,1,0
BRDA:45,2,0,0
BRDA:45,2,1,0
BRDA:50,3,0,0
BRDA:50,3,1,0
BRDA:88,4,0,0
BRDA:88,4,1,0
BRDA:92,5,0,0
BRDA:92,5,1,0
BRDA:92,5,2,0
BRDA:93,6,0,0
BRDA:93,6,1,0
BRDA:95,7,0,0
BRDA:95,7,1,0
BRF:17
BRH:0
end_of_record
